Log file open, 06/19/19 12:12:55
LogWindows: Failed to load 'aqProf.dll' (GetLastError=126)
LogWindows: File 'aqProf.dll' does not exist
LogWindows: Failed to load 'VtuneApi.dll' (GetLastError=126)
LogWindows: File 'VtuneApi.dll' does not exist
LogWindows: Failed to load 'VtuneApi32e.dll' (GetLastError=126)
LogWindows: File 'VtuneApi32e.dll' does not exist
LogConsoleResponse: Display: Failed to find resolution value strings in scalability ini. Falling back to default.
LogInit: Display: Running engine for game: CityBlockFinal
LogPakFile: Registered encryption key '00000000000000000000000000000000': 0 pak files mounted, 0 remain pending
LogPlatformFile: Not using cached read wrapper
LogTaskGraph: Started task graph with 5 named threads and 23 total threads with 3 sets of task threads.
LogStats: Stats thread started at 0.269128
LogD3D11RHI: Loaded GFSDK_Aftermath_Lib.x64.dll
LogICUInternationalization: ICU TimeZone Detection - Raw Offset: -7:00, Platform Override: ''
LogPluginManager: Mounting plugin Paper2D
LogPluginManager: Mounting plugin AISupport
LogPluginManager: Mounting plugin LightPropagationVolume
LogPluginManager: Mounting plugin ActorLayerUtilities
LogPluginManager: Mounting plugin CLionSourceCodeAccess
LogPluginManager: Mounting plugin CodeLiteSourceCodeAccess
LogPluginManager: Mounting plugin GitSourceControl
LogPluginManager: Mounting plugin KDevelopSourceCodeAccess
LogPluginManager: Mounting plugin NullSourceCodeAccess
LogPluginManager: Mounting plugin PerforceSourceControl
LogPluginManager: Mounting plugin SubversionSourceControl
LogPluginManager: Mounting plugin UObjectPlugin
LogPluginManager: Mounting plugin VisualStudioCodeSourceCodeAccess
LogPluginManager: Mounting plugin VisualStudioSourceCodeAccess
LogPluginManager: Mounting plugin XCodeSourceCodeAccess
LogPluginManager: Mounting plugin AssetManagerEditor
LogPluginManager: Mounting plugin CryptoKeys
LogPluginManager: Mounting plugin DataValidation
LogPluginManager: Mounting plugin FacialAnimation
LogPluginManager: Mounting plugin GameplayTagsEditor
LogPluginManager: Mounting plugin MacGraphicsSwitching
LogPluginManager: Mounting plugin MeshEditor
LogPluginManager: Mounting plugin MobileLauncherProfileWizard
LogPluginManager: Mounting plugin PluginBrowser
LogPluginManager: Mounting plugin SpeedTreeImporter
LogPluginManager: Mounting plugin DatasmithContent
LogPluginManager: Mounting plugin VariantManagerContent
LogPluginManager: Mounting plugin AlembicImporter
LogPluginManager: Mounting plugin AppleImageUtils
LogPluginManager: Mounting plugin AppleVision
LogPluginManager: Mounting plugin BackChannel
LogPluginManager: Mounting plugin CharacterAI
LogPluginManager: Mounting plugin GeometryCache
LogPluginManager: Mounting plugin HTML5Networking
LogPluginManager: Mounting plugin ProxyLODPlugin
LogPluginManager: Mounting plugin MagicLeap
LogPluginManager: Mounting plugin MagicLeapMedia
LogPluginManager: Mounting plugin AndroidMedia
LogPluginManager: Mounting plugin AvfMedia
LogPluginManager: Mounting plugin ImgMedia
LogPluginManager: Mounting plugin LinearTimecode
LogPluginManager: Mounting plugin MediaCompositing
LogPluginManager: Mounting plugin MediaPlayerEditor
LogPluginManager: Mounting plugin WebMMedia
LogPluginManager: Mounting plugin WmfMedia
LogPluginManager: Mounting plugin TcpMessaging
LogPluginManager: Mounting plugin UdpMessaging
LogPluginManager: Mounting plugin ActorSequence
LogPluginManager: Mounting plugin LevelSequenceEditor
LogPluginManager: Mounting plugin MatineeToLevelSequence
LogPluginManager: Mounting plugin NetcodeUnitTest
LogPluginManager: Mounting plugin NUTUnrealEngine4
LogPluginManager: Mounting plugin OnlineSubsystemGooglePlay
LogPluginManager: Mounting plugin OnlineSubsystemIOS
LogPluginManager: Mounting plugin OnlineSubsystem
LogPluginManager: Mounting plugin OnlineSubsystemNull
LogPluginManager: Mounting plugin OnlineSubsystemUtils
LogPluginManager: Mounting plugin LauncherChunkInstaller
LogPluginManager: Mounting plugin AndroidDeviceProfileSelector
LogPluginManager: Mounting plugin AndroidMoviePlayer
LogPluginManager: Mounting plugin AndroidPermission
LogPluginManager: Mounting plugin AppleMoviePlayer
LogPluginManager: Mounting plugin ArchVisCharacter
LogPluginManager: Mounting plugin AudioCapture
LogPluginManager: Mounting plugin CableComponent
LogPluginManager: Mounting plugin CustomMeshComponent
LogPluginManager: Mounting plugin EditableMesh
LogPluginManager: Mounting plugin ExampleDeviceProfileSelector
LogPluginManager: Mounting plugin Firebase
LogPluginManager: Mounting plugin GoogleCloudMessaging
LogPluginManager: Mounting plugin IOSDeviceProfileSelector
LogPluginManager: Mounting plugin LinuxDeviceProfileSelector
LogPluginManager: Mounting plugin LocationServicesBPLibrary
LogPluginManager: Mounting plugin MobilePatchingUtils
LogPluginManager: Mounting plugin OculusVR
LogPluginManager: Mounting plugin PhysXVehicles
LogPluginManager: Mounting plugin ProceduralMeshComponent
LogPluginManager: Mounting plugin RuntimePhysXCooking
LogPluginManager: Mounting plugin SteamVR
LogPluginManager: Mounting plugin WebMMoviePlayer
LogPluginManager: Mounting plugin WindowsMoviePlayer
LogStreaming: Display: Took  0.067s to configure plugins.
LogInit: Using libcurl 7.55.1-DEV
LogInit:  - built for x86_64-pc-win32
LogInit:  - supports SSL with OpenSSL/1.0.2h
LogInit:  - supports HTTP deflate (compression) using libz 1.2.8
LogInit:  - other features:
LogInit:      CURL_VERSION_SSL
LogInit:      CURL_VERSION_LIBZ
LogInit:      CURL_VERSION_IPV6
LogInit:      CURL_VERSION_ASYNCHDNS
LogInit:      CURL_VERSION_LARGEFILE
LogInit:      CURL_VERSION_IDN
LogInit:  CurlRequestOptions (configurable via config and command line):
LogInit:  - bVerifyPeer = true  - Libcurl will verify peer certificate
LogInit:  - bUseHttpProxy = false  - Libcurl will NOT use HTTP proxy
LogInit:  - bDontReuseConnections = false  - Libcurl will reuse connections
LogInit:  - MaxHostConnections = 16  - Libcurl will limit the number of connections to a host
LogInit:  - LocalHostAddr = Default
LogInit:  - BufferSize = 65536
LogInit: WinSock: version 1.1 (2.2), MaxSocks=32767, MaxUdp=65467
LogInit: Build: ++UE4+Release-4.21-CL-4753647
LogInit: Engine Version: 4.21.2-4753647+++UE4+Release-4.21
LogInit: Compatible Engine Version: 4.21.0-4541578+++UE4+Release-4.21
LogInit: Net CL: 4541578
LogInit: OS: Windows 10 (), CPU: Intel(R) Core(TM) i7-8809G CPU @ 3.10GHz, GPU: Radeon RX Vega M GH Graphics
LogInit: Compiled (64-bit): Jan 19 2019 02:07:31
LogInit: Compiled with Visual C++: 19.13.26129.00
LogInit: Build Configuration: Development
LogInit: Branch Name: ++UE4+Release-4.21
LogInit: Command Line: 
LogInit: Base Directory: C:/Program Files/Epic Games/UE_4.21/Engine/Binaries/Win64/
LogInit: Installed Engine Build: 1
LogDevObjectVersion: Number of dev versions registered: 22
LogDevObjectVersion:   Dev-Blueprints (B0D832E4-1F89-4F0D-ACCF-7EB736FD4AA2): 10
LogDevObjectVersion:   Dev-Build (E1C64328-A22C-4D53-A36C-8E866417BD8C): 0
LogDevObjectVersion:   Dev-Core (375EC13C-06E4-48FB-B500-84F0262A717E): 2
LogDevObjectVersion:   Dev-Editor (E4B068ED-F494-42E9-A231-DA0B2E46BB41): 26
LogDevObjectVersion:   Dev-Framework (CFFC743F-43B0-4480-9391-14DF171D2073): 34
LogDevObjectVersion:   Dev-Mobile (B02B49B5-BB20-44E9-A304-32B752E40360): 2
LogDevObjectVersion:   Dev-Networking (A4E4105C-59A1-49B5-A7C5-40C4547EDFEE): 0
LogDevObjectVersion:   Dev-Online (39C831C9-5AE6-47DC-9A44-9C173E1C8E7C): 0
LogDevObjectVersion:   Dev-Physics (78F01B33-EBEA-4F98-B9B4-84EACCB95AA2): 0
LogDevObjectVersion:   Dev-Platform (6631380F-2D4D-43E0-8009-CF276956A95A): 0
LogDevObjectVersion:   Dev-Rendering (12F88B9F-8875-4AFC-A67C-D90C383ABD29): 27
LogDevObjectVersion:   Dev-Sequencer (7B5AE74C-D270-4C10-A958-57980B212A5A): 9
LogDevObjectVersion:   Dev-VR (D7296918-1DD6-4BDD-9DE2-64A83CC13884): 2
LogDevObjectVersion:   Dev-LoadTimes (C2A15278-BFE7-4AFE-6C17-90FF531DF755): 1
LogDevObjectVersion:   Private-Geometry (6EACA3D4-40EC-4CC1-B786-8BED09428FC5): 3
LogDevObjectVersion:   Dev-AnimPhys (29E575DD-E0A3-4627-9D10-D276232CDCEA): 17
LogDevObjectVersion:   Dev-Anim (AF43A65D-7FD3-4947-9873-3E8ED9C1BB05): 2
LogDevObjectVersion:   Dev-ReflectionCapture (6B266CEC-1EC7-4B8F-A30B-E4D90942FC07): 1
LogDevObjectVersion:   Dev-Automation (0DF73D61-A23F-47EA-B727-89E90C41499A): 1
LogDevObjectVersion:   FortniteMain (601D1886-AC64-4F84-AA16-D3DE0DEAC7D6): 17
LogDevObjectVersion:   Dev-Enterprise (9DFFBCD6-494F-0158-E221-12823C92A888): 4
LogDevObjectVersion:   Dev-Niagara (F2AED0AC-9AFE-416F-8664-AA7FFA26D6FC): 1
LogStreaming: Display: Took  0.003s to delete old logs.
LogInit: Presizing for max 8388607 objects, including 0 objects not considered by GC, pre-allocating 0 bytes for permanent pool.
LogInit: Object subsystem initialized
LogConfig: Setting CVar [[con.DebugEarlyDefault:1]]
LogConfig: Setting CVar [[r.setres:1280x720]]
[2019.06.19-18.12.56:170][  0]LogConfig: Setting CVar [[r.VSync:0]]
[2019.06.19-18.12.56:170][  0]LogConfig: Setting CVar [[r.RHICmdBypass:0]]
[2019.06.19-18.12.56:170][  0]LogConfig: Applying CVar settings from Section [/Script/Engine.RendererSettings] File [C:/Users/u1038422/Desktop/EAE3010Summer/CityBlockFinal/Saved/Config/Windows/Engine.ini]
[2019.06.19-18.12.56:170][  0]LogConfig: Setting CVar [[r.GPUCrashDebugging:0]]
[2019.06.19-18.12.56:170][  0]LogConfig: Applying CVar settings from Section [/Script/Engine.RendererOverrideSettings] File [C:/Users/u1038422/Desktop/EAE3010Summer/CityBlockFinal/Saved/Config/Windows/Engine.ini]
[2019.06.19-18.12.56:170][  0]LogConfig: Applying CVar settings from Section [/Script/Engine.StreamingSettings] File [C:/Users/u1038422/Desktop/EAE3010Summer/CityBlockFinal/Saved/Config/Windows/Engine.ini]
[2019.06.19-18.12.56:170][  0]LogConfig: Setting CVar [[s.MinBulkDataSizeForAsyncLoading:131072]]
[2019.06.19-18.12.56:170][  0]LogConfig: Setting CVar [[s.AsyncLoadingThreadEnabled:0]]
[2019.06.19-18.12.56:170][  0]LogConfig: Setting CVar [[s.EventDrivenLoaderEnabled:1]]
[2019.06.19-18.12.56:170][  0]LogConfig: Setting CVar [[s.WarnIfTimeLimitExceeded:0]]
[2019.06.19-18.12.56:170][  0]LogConfig: Setting CVar [[s.TimeLimitExceededMultiplier:1.5]]
[2019.06.19-18.12.56:170][  0]LogConfig: Setting CVar [[s.TimeLimitExceededMinTime:0.005]]
[2019.06.19-18.12.56:170][  0]LogConfig: Setting CVar [[s.UseBackgroundLevelStreaming:1]]
[2019.06.19-18.12.56:170][  0]LogConfig: Setting CVar [[s.PriorityAsyncLoadingExtraTime:15.0]]
[2019.06.19-18.12.56:170][  0]LogConfig: Setting CVar [[s.LevelStreamingActorsUpdateTimeLimit:5.0]]
[2019.06.19-18.12.56:170][  0]LogConfig: Setting CVar [[s.PriorityLevelStreamingActorsUpdateExtraTime:5.0]]
[2019.06.19-18.12.56:170][  0]LogConfig: Setting CVar [[s.LevelStreamingComponentsRegistrationGranularity:10]]
[2019.06.19-18.12.56:170][  0]LogConfig: Setting CVar [[s.UnregisterComponentsTimeLimit:1.0]]
[2019.06.19-18.12.56:170][  0]LogConfig: Setting CVar [[s.LevelStreamingComponentsUnregistrationGranularity:5]]
[2019.06.19-18.12.56:171][  0]LogConfig: Applying CVar settings from Section [/Script/Engine.GarbageCollectionSettings] File [C:/Users/u1038422/Desktop/EAE3010Summer/CityBlockFinal/Saved/Config/Windows/Engine.ini]
[2019.06.19-18.12.56:171][  0]LogConfig: Setting CVar [[gc.MaxObjectsNotConsideredByGC:1]]
[2019.06.19-18.12.56:171][  0]LogConfig: Setting CVar [[gc.SizeOfPermanentObjectPool:0]]
[2019.06.19-18.12.56:171][  0]LogConfig: Setting CVar [[gc.FlushStreamingOnGC:0]]
[2019.06.19-18.12.56:171][  0]LogConfig: Setting CVar [[gc.NumRetriesBeforeForcingGC:10]]
[2019.06.19-18.12.56:171][  0]LogConfig: Setting CVar [[gc.AllowParallelGC:1]]
[2019.06.19-18.12.56:171][  0]LogConfig: Setting CVar [[gc.TimeBetweenPurgingPendingKillObjects:61.1]]
[2019.06.19-18.12.56:171][  0]LogConfig: Setting CVar [[gc.MaxObjectsInEditor:8388607]]
[2019.06.19-18.12.56:171][  0]LogConfig: Setting CVar [[gc.IncrementalBeginDestroyEnabled:1]]
[2019.06.19-18.12.56:171][  0]LogConfig: Setting CVar [[gc.CreateGCClusters:1]]
[2019.06.19-18.12.56:171][  0]LogConfig: Setting CVar [[gc.MergeGCClusters:0]]
[2019.06.19-18.12.56:171][  0]LogConfig: Setting CVar [[gc.MinGCClusterSize:5]]
[2019.06.19-18.12.56:171][  0]LogConfig: Setting CVar [[gc.ActorClusteringEnabled:0]]
[2019.06.19-18.12.56:171][  0]LogConfig: Setting CVar [[gc.BlueprintClusteringEnabled:0]]
[2019.06.19-18.12.56:171][  0]LogConfig: Setting CVar [[gc.UseDisregardForGCOnDedicatedServers:0]]
[2019.06.19-18.12.56:171][  0]LogConfig: Applying CVar settings from Section [/Script/Engine.NetworkSettings] File [C:/Users/u1038422/Desktop/EAE3010Summer/CityBlockFinal/Saved/Config/Windows/Engine.ini]
[2019.06.19-18.12.56:171][  0]LogConfig: Applying CVar settings from Section [/Script/UnrealEd.CookerSettings] File [C:/Users/u1038422/Desktop/EAE3010Summer/CityBlockFinal/Saved/Config/Windows/Engine.ini]
[2019.06.19-18.12.56:174][  0]LogConfig: Applying CVar settings from Section [ViewDistanceQuality@3] File [C:/Users/u1038422/Desktop/EAE3010Summer/CityBlockFinal/Saved/Config/Windows/Scalability.ini]
[2019.06.19-18.12.56:174][  0]LogConfig: Setting CVar [[r.SkeletalMeshLODBias:0]]
[2019.06.19-18.12.56:174][  0]LogConfig: Setting CVar [[r.ViewDistanceScale:1.0]]
[2019.06.19-18.12.56:174][  0]LogConfig: Applying CVar settings from Section [AntiAliasingQuality@3] File [C:/Users/u1038422/Desktop/EAE3010Summer/CityBlockFinal/Saved/Config/Windows/Scalability.ini]
[2019.06.19-18.12.56:174][  0]LogConfig: Setting CVar [[r.PostProcessAAQuality:4]]
[2019.06.19-18.12.56:174][  0]LogConfig: Applying CVar settings from Section [ShadowQuality@3] File [C:/Users/u1038422/Desktop/EAE3010Summer/CityBlockFinal/Saved/Config/Windows/Scalability.ini]
[2019.06.19-18.12.56:174][  0]LogConfig: Setting CVar [[r.LightFunctionQuality:1]]
[2019.06.19-18.12.56:174][  0]LogConfig: Setting CVar [[r.ShadowQuality:5]]
[2019.06.19-18.12.56:174][  0]LogConfig: Setting CVar [[r.Shadow.CSM.MaxCascades:10]]
[2019.06.19-18.12.56:174][  0]LogConfig: Setting CVar [[r.Shadow.MaxResolution:2048]]
[2019.06.19-18.12.56:174][  0]LogConfig: Setting CVar [[r.Shadow.MaxCSMResolution:2048]]
[2019.06.19-18.12.56:174][  0]LogConfig: Setting CVar [[r.Shadow.RadiusThreshold:0.01]]
[2019.06.19-18.12.56:175][  0]LogConfig: Setting CVar [[r.Shadow.DistanceScale:1.0]]
[2019.06.19-18.12.56:175][  0]LogConfig: Setting CVar [[r.Shadow.CSM.TransitionScale:1.0]]
[2019.06.19-18.12.56:175][  0]LogConfig: Setting CVar [[r.Shadow.PreShadowResolutionFactor:1.0]]
[2019.06.19-18.12.56:175][  0]LogConfig: Setting CVar [[r.DistanceFieldShadowing:1]]
[2019.06.19-18.12.56:175][  0]LogConfig: Setting CVar [[r.DistanceFieldAO:1]]
[2019.06.19-18.12.56:175][  0]LogConfig: Setting CVar [[r.AOQuality:2]]
[2019.06.19-18.12.56:175][  0]LogConfig: Setting CVar [[r.VolumetricFog:1]]
[2019.06.19-18.12.56:175][  0]LogConfig: Setting CVar [[r.VolumetricFog.GridPixelSize:8]]
[2019.06.19-18.12.56:175][  0]LogConfig: Setting CVar [[r.VolumetricFog.GridSizeZ:128]]
[2019.06.19-18.12.56:175][  0]LogConfig: Setting CVar [[r.VolumetricFog.HistoryMissSupersampleCount:4]]
[2019.06.19-18.12.56:175][  0]LogConfig: Setting CVar [[r.LightMaxDrawDistanceScale:1]]
[2019.06.19-18.12.56:175][  0]LogConfig: Setting CVar [[r.CapsuleShadows:1]]
[2019.06.19-18.12.56:175][  0]LogConfig: Applying CVar settings from Section [PostProcessQuality@3] File [C:/Users/u1038422/Desktop/EAE3010Summer/CityBlockFinal/Saved/Config/Windows/Scalability.ini]
[2019.06.19-18.12.56:175][  0]LogConfig: Setting CVar [[r.MotionBlurQuality:4]]
[2019.06.19-18.12.56:175][  0]LogConfig: Setting CVar [[r.AmbientOcclusionMipLevelFactor:0.4]]
[2019.06.19-18.12.56:175][  0]LogConfig: Setting CVar [[r.AmbientOcclusionMaxQuality:100]]
[2019.06.19-18.12.56:175][  0]LogConfig: Setting CVar [[r.AmbientOcclusionLevels:-1]]
[2019.06.19-18.12.56:175][  0]LogConfig: Setting CVar [[r.AmbientOcclusionRadiusScale:1.0]]
[2019.06.19-18.12.56:175][  0]LogConfig: Setting CVar [[r.DepthOfFieldQuality:2]]
[2019.06.19-18.12.56:175][  0]LogConfig: Setting CVar [[r.RenderTargetPoolMin:400]]
[2019.06.19-18.12.56:175][  0]LogConfig: Setting CVar [[r.LensFlareQuality:2]]
[2019.06.19-18.12.56:175][  0]LogConfig: Setting CVar [[r.SceneColorFringeQuality:1]]
[2019.06.19-18.12.56:175][  0]LogConfig: Setting CVar [[r.EyeAdaptationQuality:2]]
[2019.06.19-18.12.56:175][  0]LogConfig: Setting CVar [[r.BloomQuality:5]]
[2019.06.19-18.12.56:175][  0]LogConfig: Setting CVar [[r.FastBlurThreshold:100]]
[2019.06.19-18.12.56:175][  0]LogConfig: Setting CVar [[r.Upscale.Quality:3]]
[2019.06.19-18.12.56:175][  0]LogConfig: Setting CVar [[r.Tonemapper.GrainQuantization:1]]
[2019.06.19-18.12.56:175][  0]LogConfig: Setting CVar [[r.LightShaftQuality:1]]
[2019.06.19-18.12.56:175][  0]LogConfig: Setting CVar [[r.Filter.SizeScale:1]]
[2019.06.19-18.12.56:175][  0]LogConfig: Setting CVar [[r.Tonemapper.Quality:5]]
[2019.06.19-18.12.56:175][  0]LogConfig: Setting CVar [[r.DOF.Gather.AccumulatorQuality:1        ; higher gathering accumulator quality]]
[2019.06.19-18.12.56:175][  0]LogConfig: Setting CVar [[r.DOF.Gather.PostfilterMethod:1          ; Median3x3 postfilering method]]
[2019.06.19-18.12.56:175][  0]LogConfig: Setting CVar [[r.DOF.Gather.EnableBokehSettings:0       ; no bokeh simulation when gathering]]
[2019.06.19-18.12.56:175][  0]LogConfig: Setting CVar [[r.DOF.Gather.RingCount:4                 ; medium number of samples when gathering]]
[2019.06.19-18.12.56:175][  0]LogConfig: Setting CVar [[r.DOF.Scatter.ForegroundCompositing:1    ; additive foreground scattering]]
[2019.06.19-18.12.56:175][  0]LogConfig: Setting CVar [[r.DOF.Scatter.BackgroundCompositing:2    ; additive background scattering]]
[2019.06.19-18.12.56:175][  0]LogConfig: Setting CVar [[r.DOF.Scatter.EnableBokehSettings:1      ; bokeh simulation when scattering]]
[2019.06.19-18.12.56:175][  0]LogConfig: Setting CVar [[r.DOF.Scatter.MaxSpriteRatio:0.1         ; only a maximum of 10% of scattered bokeh]]
[2019.06.19-18.12.56:175][  0]LogConfig: Setting CVar [[r.DOF.Recombine.Quality:1                ; cheap slight out of focus]]
[2019.06.19-18.12.56:175][  0]LogConfig: Setting CVar [[r.DOF.Recombine.EnableBokehSettings:0    ; no bokeh simulation on slight out of focus]]
[2019.06.19-18.12.56:175][  0]LogConfig: Setting CVar [[r.DOF.TemporalAAQuality:1                ; more stable temporal accumulation]]
[2019.06.19-18.12.56:175][  0]LogConfig: Setting CVar [[r.DOF.Kernel.MaxForegroundRadius:0.025]]
[2019.06.19-18.12.56:175][  0]LogConfig: Setting CVar [[r.DOF.Kernel.MaxBackgroundRadius:0.025]]
[2019.06.19-18.12.56:175][  0]LogConfig: Applying CVar settings from Section [TextureQuality@3] File [C:/Users/u1038422/Desktop/EAE3010Summer/CityBlockFinal/Saved/Config/Windows/Scalability.ini]
[2019.06.19-18.12.56:175][  0]LogConfig: Setting CVar [[r.Streaming.MipBias:0]]
[2019.06.19-18.12.56:175][  0]LogConfig: Setting CVar [[r.Streaming.AmortizeCPUToGPUCopy:0]]
[2019.06.19-18.12.56:175][  0]LogConfig: Setting CVar [[r.Streaming.MaxNumTexturesToStreamPerFrame:0]]
[2019.06.19-18.12.56:175][  0]LogConfig: Setting CVar [[r.Streaming.Boost:1]]
[2019.06.19-18.12.56:175][  0]LogConfig: Setting CVar [[r.MaxAnisotropy:8]]
[2019.06.19-18.12.56:175][  0]LogConfig: Setting CVar [[r.Streaming.LimitPoolSizeToVRAM:0]]
[2019.06.19-18.12.56:175][  0]LogConfig: Setting CVar [[r.Streaming.PoolSize:1000]]
[2019.06.19-18.12.56:175][  0]LogConfig: Setting CVar [[r.Streaming.MaxEffectiveScreenSize:0]]
[2019.06.19-18.12.56:175][  0]LogConfig: Applying CVar settings from Section [EffectsQuality@3] File [C:/Users/u1038422/Desktop/EAE3010Summer/CityBlockFinal/Saved/Config/Windows/Scalability.ini]
[2019.06.19-18.12.56:175][  0]LogConfig: Setting CVar [[r.TranslucencyLightingVolumeDim:64]]
[2019.06.19-18.12.56:175][  0]LogConfig: Setting CVar [[r.RefractionQuality:2]]
[2019.06.19-18.12.56:175][  0]LogConfig: Setting CVar [[r.SSR.Quality:3]]
[2019.06.19-18.12.56:175][  0]LogConfig: Setting CVar [[r.SceneColorFormat:4]]
[2019.06.19-18.12.56:175][  0]LogConfig: Setting CVar [[r.DetailMode:2]]
[2019.06.19-18.12.56:175][  0]LogConfig: Setting CVar [[r.TranslucencyVolumeBlur:1]]
[2019.06.19-18.12.56:175][  0]LogConfig: Setting CVar [[r.MaterialQualityLevel:1 ; High quality]]
[2019.06.19-18.12.56:175][  0]LogConfig: Setting CVar [[r.SSS.Scale:1]]
[2019.06.19-18.12.56:175][  0]LogConfig: Setting CVar [[r.SSS.SampleSet:2]]
[2019.06.19-18.12.56:175][  0]LogConfig: Setting CVar [[r.SSS.Quality:1]]
[2019.06.19-18.12.56:175][  0]LogConfig: Setting CVar [[r.SSS.HalfRes:1]]
[2019.06.19-18.12.56:175][  0]LogConfig: Setting CVar [[r.EmitterSpawnRateScale:1.0]]
[2019.06.19-18.12.56:175][  0]LogConfig: Setting CVar [[r.ParticleLightQuality:2]]
[2019.06.19-18.12.56:175][  0]LogConfig: Applying CVar settings from Section [FoliageQuality@3] File [C:/Users/u1038422/Desktop/EAE3010Summer/CityBlockFinal/Saved/Config/Windows/Scalability.ini]
[2019.06.19-18.12.56:175][  0]LogConfig: Setting CVar [[foliage.DensityScale:1.0]]
[2019.06.19-18.12.56:175][  0]LogConfig: Setting CVar [[grass.DensityScale:1.0]]
[2019.06.19-18.12.56:175][  0]LogInit: Selected Device Profile: [Windows]
[2019.06.19-18.12.56:175][  0]LogInit: Applying CVar settings loaded from the selected device profile: [Windows]
[2019.06.19-18.12.56:185][  0]LogHAL: Display: Platform has ~ 16 GB [17095028736 / 17179869184 / 16], which maps to Larger [LargestMinGB=32, LargerMinGB=12, DefaultMinGB=8, SmallerMinGB=6, SmallestMinGB=0)
[2019.06.19-18.12.56:185][  0]LogConfig: Setting CVar [[r.Vulkan.UseRealUBs:1]]
[2019.06.19-18.12.56:185][  0]LogInit: Going up to parent DeviceProfile []
[2019.06.19-18.12.56:185][  0]LogConfig: Applying CVar settings from Section [ViewDistanceQuality@3] File [C:/Users/u1038422/Desktop/EAE3010Summer/CityBlockFinal/Saved/Config/Windows/Scalability.ini]
[2019.06.19-18.12.56:185][  0]LogConfig: Setting CVar [[r.SkeletalMeshLODBias:0]]
[2019.06.19-18.12.56:185][  0]LogConfig: Setting CVar [[r.ViewDistanceScale:1.0]]
[2019.06.19-18.12.56:185][  0]LogConfig: Applying CVar settings from Section [AntiAliasingQuality@3] File [C:/Users/u1038422/Desktop/EAE3010Summer/CityBlockFinal/Saved/Config/Windows/Scalability.ini]
[2019.06.19-18.12.56:185][  0]LogConfig: Setting CVar [[r.PostProcessAAQuality:4]]
[2019.06.19-18.12.56:185][  0]LogConfig: Applying CVar settings from Section [ShadowQuality@3] File [C:/Users/u1038422/Desktop/EAE3010Summer/CityBlockFinal/Saved/Config/Windows/Scalability.ini]
[2019.06.19-18.12.56:185][  0]LogConfig: Setting CVar [[r.LightFunctionQuality:1]]
[2019.06.19-18.12.56:185][  0]LogConfig: Setting CVar [[r.ShadowQuality:5]]
[2019.06.19-18.12.56:185][  0]LogConfig: Setting CVar [[r.Shadow.CSM.MaxCascades:10]]
[2019.06.19-18.12.56:185][  0]LogConfig: Setting CVar [[r.Shadow.MaxResolution:2048]]
[2019.06.19-18.12.56:185][  0]LogConfig: Setting CVar [[r.Shadow.MaxCSMResolution:2048]]
[2019.06.19-18.12.56:185][  0]LogConfig: Setting CVar [[r.Shadow.RadiusThreshold:0.01]]
[2019.06.19-18.12.56:185][  0]LogConfig: Setting CVar [[r.Shadow.DistanceScale:1.0]]
[2019.06.19-18.12.56:185][  0]LogConfig: Setting CVar [[r.Shadow.CSM.TransitionScale:1.0]]
[2019.06.19-18.12.56:185][  0]LogConfig: Setting CVar [[r.Shadow.PreShadowResolutionFactor:1.0]]
[2019.06.19-18.12.56:185][  0]LogConfig: Setting CVar [[r.DistanceFieldShadowing:1]]
[2019.06.19-18.12.56:185][  0]LogConfig: Setting CVar [[r.DistanceFieldAO:1]]
[2019.06.19-18.12.56:185][  0]LogConfig: Setting CVar [[r.AOQuality:2]]
[2019.06.19-18.12.56:185][  0]LogConfig: Setting CVar [[r.VolumetricFog:1]]
[2019.06.19-18.12.56:185][  0]LogConfig: Setting CVar [[r.VolumetricFog.GridPixelSize:8]]
[2019.06.19-18.12.56:185][  0]LogConfig: Setting CVar [[r.VolumetricFog.GridSizeZ:128]]
[2019.06.19-18.12.56:185][  0]LogConfig: Setting CVar [[r.VolumetricFog.HistoryMissSupersampleCount:4]]
[2019.06.19-18.12.56:185][  0]LogConfig: Setting CVar [[r.LightMaxDrawDistanceScale:1]]
[2019.06.19-18.12.56:185][  0]LogConfig: Setting CVar [[r.CapsuleShadows:1]]
[2019.06.19-18.12.56:185][  0]LogConfig: Applying CVar settings from Section [PostProcessQuality@3] File [C:/Users/u1038422/Desktop/EAE3010Summer/CityBlockFinal/Saved/Config/Windows/Scalability.ini]
[2019.06.19-18.12.56:185][  0]LogConfig: Setting CVar [[r.MotionBlurQuality:4]]
[2019.06.19-18.12.56:185][  0]LogConfig: Setting CVar [[r.AmbientOcclusionMipLevelFactor:0.4]]
[2019.06.19-18.12.56:185][  0]LogConfig: Setting CVar [[r.AmbientOcclusionMaxQuality:100]]
[2019.06.19-18.12.56:185][  0]LogConfig: Setting CVar [[r.AmbientOcclusionLevels:-1]]
[2019.06.19-18.12.56:185][  0]LogConfig: Setting CVar [[r.AmbientOcclusionRadiusScale:1.0]]
[2019.06.19-18.12.56:185][  0]LogConfig: Setting CVar [[r.DepthOfFieldQuality:2]]
[2019.06.19-18.12.56:185][  0]LogConfig: Setting CVar [[r.RenderTargetPoolMin:400]]
[2019.06.19-18.12.56:185][  0]LogConfig: Setting CVar [[r.LensFlareQuality:2]]
[2019.06.19-18.12.56:185][  0]LogConfig: Setting CVar [[r.SceneColorFringeQuality:1]]
[2019.06.19-18.12.56:185][  0]LogConfig: Setting CVar [[r.EyeAdaptationQuality:2]]
[2019.06.19-18.12.56:185][  0]LogConfig: Setting CVar [[r.BloomQuality:5]]
[2019.06.19-18.12.56:185][  0]LogConfig: Setting CVar [[r.FastBlurThreshold:100]]
[2019.06.19-18.12.56:185][  0]LogConfig: Setting CVar [[r.Upscale.Quality:3]]
[2019.06.19-18.12.56:185][  0]LogConfig: Setting CVar [[r.Tonemapper.GrainQuantization:1]]
[2019.06.19-18.12.56:185][  0]LogConfig: Setting CVar [[r.LightShaftQuality:1]]
[2019.06.19-18.12.56:185][  0]LogConfig: Setting CVar [[r.Filter.SizeScale:1]]
[2019.06.19-18.12.56:185][  0]LogConfig: Setting CVar [[r.Tonemapper.Quality:5]]
[2019.06.19-18.12.56:185][  0]LogConfig: Setting CVar [[r.DOF.Gather.AccumulatorQuality:1        ; higher gathering accumulator quality]]
[2019.06.19-18.12.56:185][  0]LogConfig: Setting CVar [[r.DOF.Gather.PostfilterMethod:1          ; Median3x3 postfilering method]]
[2019.06.19-18.12.56:185][  0]LogConfig: Setting CVar [[r.DOF.Gather.EnableBokehSettings:0       ; no bokeh simulation when gathering]]
[2019.06.19-18.12.56:185][  0]LogConfig: Setting CVar [[r.DOF.Gather.RingCount:4                 ; medium number of samples when gathering]]
[2019.06.19-18.12.56:185][  0]LogConfig: Setting CVar [[r.DOF.Scatter.ForegroundCompositing:1    ; additive foreground scattering]]
[2019.06.19-18.12.56:185][  0]LogConfig: Setting CVar [[r.DOF.Scatter.BackgroundCompositing:2    ; additive background scattering]]
[2019.06.19-18.12.56:185][  0]LogConfig: Setting CVar [[r.DOF.Scatter.EnableBokehSettings:1      ; bokeh simulation when scattering]]
[2019.06.19-18.12.56:186][  0]LogConfig: Setting CVar [[r.DOF.Scatter.MaxSpriteRatio:0.1         ; only a maximum of 10% of scattered bokeh]]
[2019.06.19-18.12.56:186][  0]LogConfig: Setting CVar [[r.DOF.Recombine.Quality:1                ; cheap slight out of focus]]
[2019.06.19-18.12.56:186][  0]LogConfig: Setting CVar [[r.DOF.Recombine.EnableBokehSettings:0    ; no bokeh simulation on slight out of focus]]
[2019.06.19-18.12.56:186][  0]LogConfig: Setting CVar [[r.DOF.TemporalAAQuality:1                ; more stable temporal accumulation]]
[2019.06.19-18.12.56:186][  0]LogConfig: Setting CVar [[r.DOF.Kernel.MaxForegroundRadius:0.025]]
[2019.06.19-18.12.56:186][  0]LogConfig: Setting CVar [[r.DOF.Kernel.MaxBackgroundRadius:0.025]]
[2019.06.19-18.12.56:186][  0]LogConfig: Applying CVar settings from Section [TextureQuality@3] File [C:/Users/u1038422/Desktop/EAE3010Summer/CityBlockFinal/Saved/Config/Windows/Scalability.ini]
[2019.06.19-18.12.56:186][  0]LogConfig: Setting CVar [[r.Streaming.MipBias:0]]
[2019.06.19-18.12.56:186][  0]LogConfig: Setting CVar [[r.Streaming.AmortizeCPUToGPUCopy:0]]
[2019.06.19-18.12.56:186][  0]LogConfig: Setting CVar [[r.Streaming.MaxNumTexturesToStreamPerFrame:0]]
[2019.06.19-18.12.56:186][  0]LogConfig: Setting CVar [[r.Streaming.Boost:1]]
[2019.06.19-18.12.56:186][  0]LogConfig: Setting CVar [[r.MaxAnisotropy:8]]
[2019.06.19-18.12.56:186][  0]LogConfig: Setting CVar [[r.Streaming.LimitPoolSizeToVRAM:0]]
[2019.06.19-18.12.56:186][  0]LogConfig: Setting CVar [[r.Streaming.PoolSize:1000]]
[2019.06.19-18.12.56:186][  0]LogConfig: Setting CVar [[r.Streaming.MaxEffectiveScreenSize:0]]
[2019.06.19-18.12.56:186][  0]LogConfig: Applying CVar settings from Section [EffectsQuality@3] File [C:/Users/u1038422/Desktop/EAE3010Summer/CityBlockFinal/Saved/Config/Windows/Scalability.ini]
[2019.06.19-18.12.56:186][  0]LogConfig: Setting CVar [[r.TranslucencyLightingVolumeDim:64]]
[2019.06.19-18.12.56:186][  0]LogConfig: Setting CVar [[r.RefractionQuality:2]]
[2019.06.19-18.12.56:186][  0]LogConfig: Setting CVar [[r.SSR.Quality:3]]
[2019.06.19-18.12.56:186][  0]LogConfig: Setting CVar [[r.SceneColorFormat:4]]
[2019.06.19-18.12.56:186][  0]LogConfig: Setting CVar [[r.DetailMode:2]]
[2019.06.19-18.12.56:186][  0]LogConfig: Setting CVar [[r.TranslucencyVolumeBlur:1]]
[2019.06.19-18.12.56:186][  0]LogConfig: Setting CVar [[r.MaterialQualityLevel:1 ; High quality]]
[2019.06.19-18.12.56:186][  0]LogConfig: Setting CVar [[r.SSS.Scale:1]]
[2019.06.19-18.12.56:186][  0]LogConfig: Setting CVar [[r.SSS.SampleSet:2]]
[2019.06.19-18.12.56:186][  0]LogConfig: Setting CVar [[r.SSS.Quality:1]]
[2019.06.19-18.12.56:186][  0]LogConfig: Setting CVar [[r.SSS.HalfRes:1]]
[2019.06.19-18.12.56:186][  0]LogConfig: Setting CVar [[r.EmitterSpawnRateScale:1.0]]
[2019.06.19-18.12.56:186][  0]LogConfig: Setting CVar [[r.ParticleLightQuality:2]]
[2019.06.19-18.12.56:186][  0]LogConfig: Applying CVar settings from Section [FoliageQuality@3] File [C:/Users/u1038422/Desktop/EAE3010Summer/CityBlockFinal/Saved/Config/Windows/Scalability.ini]
[2019.06.19-18.12.56:186][  0]LogConfig: Setting CVar [[foliage.DensityScale:1.0]]
[2019.06.19-18.12.56:186][  0]LogConfig: Setting CVar [[grass.DensityScale:1.0]]
[2019.06.19-18.12.56:186][  0]LogConfig: Applying CVar settings from Section [Startup] File [../../../Engine/Config/ConsoleVariables.ini]
[2019.06.19-18.12.56:186][  0]LogConfig: Setting CVar [[net.UseAdaptiveNetUpdateFrequency:0]]
[2019.06.19-18.12.56:186][  0]LogConfig: Applying CVar settings from Section [ConsoleVariables] File [C:/Users/u1038422/Desktop/EAE3010Summer/CityBlockFinal/Saved/Config/Windows/Engine.ini]
[2019.06.19-18.12.56:186][  0]LogInit: Computer: eae-n-029
[2019.06.19-18.12.56:186][  0]LogInit: User: u1038422
[2019.06.19-18.12.56:186][  0]LogInit: CPU Page size=4096, Cores=4
[2019.06.19-18.12.56:186][  0]LogInit: High frequency timer resolution =3.023434 MHz
[2019.06.19-18.12.56:186][  0]LogMemory: Memory total: Physical=15.9GB (16GB approx)
[2019.06.19-18.12.56:186][  0]LogMemory: Platform Memory Stats for Windows
[2019.06.19-18.12.56:186][  0]LogMemory: Process Physical Memory: 102.26 MB used, 102.26 MB peak
[2019.06.19-18.12.56:186][  0]LogMemory: Process Virtual Memory: 91.39 MB used, 91.39 MB peak
[2019.06.19-18.12.56:186][  0]LogMemory: Physical Memory: 4043.77 MB used,  12259.32 MB free, 16303.09 MB total
[2019.06.19-18.12.56:186][  0]LogMemory: Virtual Memory: 4647.91 MB used,  134213080.00 MB free, 134217728.00 MB total
[2019.06.19-18.12.56:203][  0]LogInit: Using OS detected language (en-US).
[2019.06.19-18.12.56:203][  0]LogInit: Using OS detected locale (en-US).
[2019.06.19-18.12.56:204][  0]LogTextLocalizationManager: No specific localization for 'en-US' exists, so the 'en' localization will be used.
[2019.06.19-18.12.56:509][  0]LogStreaming: Display: Took  0.306s to InitEngineTextLocalization.
[2019.06.19-18.12.56:509][  0]LogInit: Setting process to per monitor DPI aware
[2019.06.19-18.12.56:548][  0]LogSlate: New Slate User Created.  User Index 0, Is Virtual User: 0
[2019.06.19-18.12.56:549][  0]LogSlate: Slate User Registered.  User Index 0, Is Virtual User: 0
[2019.06.19-18.12.56:722][  0]LogHMD: Failed to initialize OpenVR with code 110
[2019.06.19-18.12.56:722][  0]LogD3D11RHI: D3D11 adapters:
[2019.06.19-18.12.56:759][  0]LogD3D11RHI:    0. 'Radeon RX Vega M GH Graphics' (Feature Level 11_0)
[2019.06.19-18.12.56:759][  0]LogD3D11RHI:       4042/0/8151 MB DedicatedVideo/DedicatedSystem/SharedSystem, Outputs:1, VendorId:0x1002
[2019.06.19-18.12.56:784][  0]LogD3D11RHI:    1. 'Intel(R) HD Graphics 630' (Feature Level 11_0)
[2019.06.19-18.12.56:784][  0]LogD3D11RHI:       128/0/8151 MB DedicatedVideo/DedicatedSystem/SharedSystem, Outputs:0, VendorId:0x8086
[2019.06.19-18.12.56:786][  0]LogD3D11RHI:    2. 'Microsoft Basic Render Driver' (Feature Level 11_0)
[2019.06.19-18.12.56:786][  0]LogD3D11RHI:       0/0/8151 MB DedicatedVideo/DedicatedSystem/SharedSystem, Outputs:0, VendorId:0x1414
[2019.06.19-18.12.56:786][  0]LogD3D11RHI: Chosen D3D11 Adapter: 0
[2019.06.19-18.12.56:793][  0]LogD3D11RHI: Creating new Direct3DDevice
[2019.06.19-18.12.56:793][  0]LogD3D11RHI:     GPU DeviceId: 0x694c (for the marketing name, search the web for "GPU Device Id")
[2019.06.19-18.12.56:793][  0]LogWindows: EnumDisplayDevices:
[2019.06.19-18.12.56:793][  0]LogWindows:    0. 'Radeon RX Vega M GH Graphics' (P:1 D:1)
[2019.06.19-18.12.56:794][  0]LogWindows:    1. 'Radeon RX Vega M GH Graphics' (P:0 D:0)
[2019.06.19-18.12.56:794][  0]LogWindows:    2. 'Radeon RX Vega M GH Graphics' (P:0 D:0)
[2019.06.19-18.12.56:794][  0]LogWindows:    3. 'Radeon RX Vega M GH Graphics' (P:0 D:0)
[2019.06.19-18.12.56:794][  0]LogWindows:    4. 'Radeon RX Vega M GH Graphics' (P:0 D:0)
[2019.06.19-18.12.56:795][  0]LogWindows:    5. 'Radeon RX Vega M GH Graphics' (P:0 D:0)
[2019.06.19-18.12.56:795][  0]LogWindows:    6. 'Radeon RX Vega M GH Graphics' (P:0 D:0)
[2019.06.19-18.12.56:795][  0]LogWindows:    7. 'Radeon RX Vega M GH Graphics' (P:0 D:0)
[2019.06.19-18.12.56:795][  0]LogWindows:    8. 'Intel(R) HD Graphics 630' (P:0 D:0)
[2019.06.19-18.12.56:795][  0]LogWindows:    9. 'Intel(R) HD Graphics 630' (P:0 D:0)
[2019.06.19-18.12.56:796][  0]LogWindows: DebugString: PrimaryIsNotTheChoosenAdapter PrimaryIsNotTheChoosenAdapter FoundDriverCount:8 
[2019.06.19-18.12.56:796][  0]LogD3D11RHI:     Adapter Name: Radeon RX Vega M GH Graphics
[2019.06.19-18.12.56:796][  0]LogD3D11RHI:   Driver Version: Adrenalin 19 18.12.2 (internal:25.20.15002.58, unified:25.20.15002.58)
[2019.06.19-18.12.56:796][  0]LogD3D11RHI:      Driver Date: 12-6-2018
[2019.06.19-18.12.56:796][  0]LogRHI: Texture pool is 2829 MB (70% of 4042 MB)
[2019.06.19-18.12.56:859][  0]LogD3D11RHI: Async texture creation enabled
[2019.06.19-18.12.56:873][  0]LogD3D11RHI: GPU Timing Frequency: 25.000000 (Debug: 2 1)
[2019.06.19-18.12.57:144][  0]LogTemp: Display: Loaded TP AllDesktopTargetPlatform
[2019.06.19-18.12.57:155][  0]LogTemp: Display: Loaded TP MacClientTargetPlatform
[2019.06.19-18.12.57:166][  0]LogTemp: Display: Loaded TP MacNoEditorTargetPlatform
[2019.06.19-18.12.57:177][  0]LogTemp: Display: Loaded TP MacServerTargetPlatform
[2019.06.19-18.12.57:188][  0]LogTemp: Display: Loaded TP MacTargetPlatform
[2019.06.19-18.12.57:199][  0]LogTemp: Display: Loaded TP WindowsClientTargetPlatform
[2019.06.19-18.12.57:210][  0]LogTemp: Display: Loaded TP WindowsNoEditorTargetPlatform
[2019.06.19-18.12.57:221][  0]LogTemp: Display: Loaded TP WindowsServerTargetPlatform
[2019.06.19-18.12.57:227][  0]LogTemp: Display: Loaded TP WindowsTargetPlatform
[2019.06.19-18.12.57:287][  0]LogTemp: Display: Loaded TP AndroidTargetPlatform
[2019.06.19-18.12.57:287][  0]LogTemp: Display: Loaded TP AndroidTargetPlatform
[2019.06.19-18.12.57:287][  0]LogTemp: Display: Loaded TP AndroidTargetPlatform
[2019.06.19-18.12.57:287][  0]LogTemp: Display: Loaded TP AndroidTargetPlatform
[2019.06.19-18.12.57:287][  0]LogTemp: Display: Loaded TP AndroidTargetPlatform
[2019.06.19-18.12.57:287][  0]LogTemp: Display: Loaded TP AndroidTargetPlatform
[2019.06.19-18.12.57:287][  0]LogTemp: Display: Loaded TP AndroidTargetPlatform
[2019.06.19-18.12.57:287][  0]LogTemp: Display: Loaded TP AndroidTargetPlatform
[2019.06.19-18.12.57:287][  0]LogTemp: Display: Loaded TP AndroidTargetPlatform
[2019.06.19-18.12.57:287][  0]LogTemp: Display: Loaded TP AndroidTargetPlatform
[2019.06.19-18.12.57:287][  0]LogTemp: Display: Loaded TP AndroidTargetPlatform
[2019.06.19-18.12.57:287][  0]LogTemp: Display: Loaded TP AndroidTargetPlatform
[2019.06.19-18.12.57:287][  0]LogTemp: Display: Loaded TP AndroidTargetPlatform
[2019.06.19-18.12.57:287][  0]LogTemp: Display: Loaded TP AndroidTargetPlatform
[2019.06.19-18.12.57:287][  0]LogTemp: Display: Loaded TP AndroidTargetPlatform
[2019.06.19-18.12.57:287][  0]LogTemp: Display: Loaded TP AndroidTargetPlatform
[2019.06.19-18.12.57:287][  0]LogTemp: Display: Loaded TP AndroidTargetPlatform
[2019.06.19-18.12.57:287][  0]LogTemp: Display: Loaded TP AndroidTargetPlatform
[2019.06.19-18.12.57:288][  0]LogTemp: Display: Loaded TP HTML5TargetPlatform
[2019.06.19-18.12.57:345][  0]LogTemp: Display: Loaded TP IOSTargetPlatform
[2019.06.19-18.12.57:345][  0]LogTemp: Display: Loaded TP IOSTargetPlatform
[2019.06.19-18.12.57:363][  0]LogTemp: Display: Loaded TP TVOSTargetPlatform
[2019.06.19-18.12.57:363][  0]LogTemp: Display: Loaded TP TVOSTargetPlatform
[2019.06.19-18.12.57:373][  0]LogTemp: Display: Loaded TP LinuxClientTargetPlatform
[2019.06.19-18.12.57:383][  0]LogTemp: Display: Loaded TP LinuxNoEditorTargetPlatform
[2019.06.19-18.12.57:393][  0]LogTemp: Display: Loaded TP LinuxServerTargetPlatform
[2019.06.19-18.12.57:403][  0]LogTemp: Display: Loaded TP LinuxTargetPlatform
[2019.06.19-18.12.57:439][  0]LogTemp: Display: Loaded TP LuminTargetPlatform
[2019.06.19-18.12.57:439][  0]LogTemp: Display: Loaded TP LuminTargetPlatform
[2019.06.19-18.12.57:439][  0]LogTargetPlatformManager: Display: Building Assets For Windows
[2019.06.19-18.12.57:490][  0]LogShaderCompilers: Guid format shader working directory is -20 characters bigger than the processId version (../../../../../../Users/u1038422/Desktop/EAE3010Summer/CityBlockFinal/Intermediate/Shaders/WorkingDirectory/6120/).
[2019.06.19-18.12.57:490][  0]LogShaderCompilers: Cleaned the shader compiler working directory 'C:/Users/u1038422/AppData/Local/Temp/UnrealShaderWorkingDir/B039FA8E46410C558002CF8CCBBC8AC5/'.
[2019.06.19-18.12.57:492][  0]LogXGEController: Cleaning working directory: C:/Users/u1038422/AppData/Local/Temp/UnrealXGEWorkingDir/
[2019.06.19-18.12.57:492][  0]LogXGEController: Cannot use XGE Controller as Incredibuild is not installed on this machine.
[2019.06.19-18.12.57:492][  0]LogShaderCompilers: Cannot use XGE Shader Compiler as Incredibuild is not installed on this machine.
[2019.06.19-18.12.57:492][  0]LogShaderCompilers: Display: Using Local Shader Compiler.
[2019.06.19-18.12.57:956][  0]LogDerivedDataCache: Display: Max Cache Size: 512 MB
[2019.06.19-18.12.58:006][  0]LogDerivedDataCache: Loaded boot cache 0.05s 71MB C:/Users/u1038422/AppData/Local/UnrealEngine/4.21/DerivedDataCache/Boot.ddc.
[2019.06.19-18.12.58:006][  0]LogDerivedDataCache: Display: Loaded Boot cache: C:/Users/u1038422/AppData/Local/UnrealEngine/4.21/DerivedDataCache/Boot.ddc
[2019.06.19-18.12.58:006][  0]LogDerivedDataCache: FDerivedDataBackendGraph:  Pak pak cache file ../../../../../../Users/u1038422/Desktop/EAE3010Summer/CityBlockFinal/DerivedDataCache/DDC.ddp not found, will not use a pak cache.
[2019.06.19-18.12.58:006][  0]LogDerivedDataCache: Unable to find inner node Pak for hierarchical cache Hierarchy.
[2019.06.19-18.12.58:006][  0]LogDerivedDataCache: FDerivedDataBackendGraph:  CompressedPak pak cache file ../../../../../../Users/u1038422/Desktop/EAE3010Summer/CityBlockFinal/DerivedDataCache/Compressed.ddp not found, will not use a pak cache.
[2019.06.19-18.12.58:007][  0]LogDerivedDataCache: Unable to find inner node CompressedPak for hierarchical cache Hierarchy.
[2019.06.19-18.12.58:020][  0]LogDerivedDataCache: Display: Pak cache opened for reading ../../../Engine/DerivedDataCache/Compressed.ddp.
[2019.06.19-18.12.58:020][  0]LogDerivedDataCache: FDerivedDataBackendGraph:  EnterprisePak pak cache file ../../../Enterprise/DerivedDataCache/Compressed.ddp not found, will not use a pak cache.
[2019.06.19-18.12.58:020][  0]LogDerivedDataCache: Unable to find inner node EnterprisePak for hierarchical cache Hierarchy.
[2019.06.19-18.12.58:032][  0]LogDerivedDataCache: Using Local data cache path C:/Users/u1038422/AppData/Local/UnrealEngine/Common/DerivedDataCache: Writable
[2019.06.19-18.12.58:032][  0]LogDerivedDataCache: Shared data cache path not found in *engine.ini, will not use an Shared cache.
[2019.06.19-18.12.58:032][  0]LogDerivedDataCache: Unable to find inner node Shared for hierarchical cache Hierarchy.
[2019.06.19-18.12.58:054][  0]LogMaterial: Verifying Global Shaders for PCD3D_SM5
[2019.06.19-18.12.58:055][  0]LogSlate: Using FreeType 2.6.0
[2019.06.19-18.12.58:056][  0]LogSlate: SlateFontServices - WITH_FREETYPE: 1, WITH_HARFBUZZ: 1
[2019.06.19-18.12.58:141][  0]LogAssetRegistry: FAssetRegistry took 0.0332 seconds to start up
[2019.06.19-18.12.58:402][  0]LogInit: Selected Device Profile: [Windows]
[2019.06.19-18.12.58:529][  0]LogSimplygon: Simplygon DLL not present - disabling.
[2019.06.19-18.12.58:533][  0]LogMeshReduction: Using SimplygonSwarm for distributed automatic mesh merging
[2019.06.19-18.12.58:533][  0]LogMeshReduction: Using ProxyLODMeshReduction for automatic mesh merging
[2019.06.19-18.12.58:533][  0]LogMeshReduction: Using QuadricMeshReduction for automatic static mesh reduction
[2019.06.19-18.12.58:533][  0]LogMeshReduction: No automatic skeletal mesh reduction module available
[2019.06.19-18.12.58:545][  0]LogNetVersion: CityBlockFinal 1.0.0, NetCL: 4541578, EngineNetVer: 5, GameNetVer: 0 (Checksum: 3131373958)
[2019.06.19-18.12.59:017][  0]LogPackageLocalizationCache: Processed 11 localized package path(s) for 2 prioritized culture(s) in 0.083683 seconds
[2019.06.19-18.12.59:022][  0]LogUObjectArray: 39775 objects as part of root set at end of initial load.
[2019.06.19-18.12.59:022][  0]LogUObjectAllocator: 6914656 out of 0 bytes used by permanent object pool.
[2019.06.19-18.12.59:023][  0]LogUObjectArray: CloseDisregardForGC: 0/0 objects in disregard for GC pool
[2019.06.19-18.12.59:813][  0]LogTcpMessaging: Initializing TcpMessaging bridge
[2019.06.19-18.12.59:825][  0]LogUdpMessaging: Initializing bridge on interface 0.0.0.0:0 to multicast group 230.0.0.1:6666.
[2019.06.19-18.13.00:412][  0]SourceControl: Source control is disabled
[2019.06.19-18.13.00:412][  0]SourceControl: Source control is disabled
[2019.06.19-18.13.00:413][  0]SourceControl: Source control is disabled
[2019.06.19-18.13.00:414][  0]SourceControl: Source control is disabled
[2019.06.19-18.13.00:564][  0]LogAndroidPermission: UAndroidPermissionCallbackProxy::GetInstance
[2019.06.19-18.13.00:635][  0]LogOcInput: OculusInput pre-init called
[2019.06.19-18.13.00:761][  0]LogEngine: Initializing Engine...
[2019.06.19-18.13.00:761][  0]LogHMD: Failed to initialize OpenVR with code 110
[2019.06.19-18.13.00:762][  0]LogStats: UGameplayTagsManager::ConstructGameplayTagTree: ImportINI prefixes -  0.000 s
[2019.06.19-18.13.00:762][  0]LogStats: UGameplayTagsManager::ConstructGameplayTagTree: Construct from data asset -  0.000 s
[2019.06.19-18.13.00:763][  0]LogStats: UGameplayTagsManager::ConstructGameplayTagTree: ImportINI -  0.000 s
[2019.06.19-18.13.00:763][  0]LogStats: UGameplayTagsManager::ConstructGameplayTagTree: GameplayTagTreeChangedEvent.Broadcast -  0.000 s
[2019.06.19-18.13.00:968][  0]LogInit: Initializing FReadOnlyCVARCache
[2019.06.19-18.13.00:981][  0]LogAIModule: Creating AISystem for world Untitled
[2019.06.19-18.13.01:025][  0]LogInit: XAudio2 using '4 - CintiqPro24P (AMD High Definition Audio Device)' : 2 channels at 48 kHz using 16 bits per sample (channel mask 0x3)
[2019.06.19-18.13.01:048][  0]LogInit: FAudioDevice initialized.
[2019.06.19-18.13.01:049][  0]LogNetVersion: Set ProjectVersion to 1.0.0.0. Version Checksum will be recalculated on next use.
[2019.06.19-18.13.01:121][  0]LogDerivedDataCache: Saved boot cache 0.07s 71MB C:/Users/u1038422/AppData/Local/UnrealEngine/4.21/DerivedDataCache/Boot.ddc.
[2019.06.19-18.13.01:125][  0]LogInit: Texture streaming: Enabled
[2019.06.19-18.13.01:141][  0]LogEngineSessionManager: EngineSessionManager initialized
[2019.06.19-18.13.01:152][  0]LogInit: Transaction tracking system initialized
[2019.06.19-18.13.01:172][  0]BlueprintLog: New page: Editor Load
[2019.06.19-18.13.01:260][  0]LocalizationService: Localization service is disabled
[2019.06.19-18.13.01:643][  0]LogFileCache: Scanning file cache for directory 'C:/Users/u1038422/Desktop/EAE3010Summer/CityBlockFinal/Content/' took 0.01s
[2019.06.19-18.13.01:643][  0]LogCook: Display: Max memory allowance for cook 16384mb min free memory 0mb
[2019.06.19-18.13.01:643][  0]LogCook: Display: Mobile HDR setting 1
[2019.06.19-18.13.01:643][  0]LogGameplayTags: Display: UGameplayTagsManager::DoneAddingNativeTags. DelegateIsBound: 0
[2019.06.19-18.13.01:643][  0]LogStats: UGameplayTagsManager::ConstructGameplayTagTree: ImportINI prefixes -  0.000 s
[2019.06.19-18.13.01:643][  0]LogStats: UGameplayTagsManager::ConstructGameplayTagTree: Construct from data asset -  0.000 s
[2019.06.19-18.13.01:643][  0]LogStats: UGameplayTagsManager::ConstructGameplayTagTree: ImportINI -  0.000 s
[2019.06.19-18.13.01:643][  0]LogStats: UGameplayTagsManager::ConstructGameplayTagTree: GameplayTagTreeChangedEvent.Broadcast -  0.000 s
[2019.06.19-18.13.01:755][  0]SourceControl: Source control is disabled
[2019.06.19-18.13.01:755][  0]Cmd: MAP LOAD FILE="../../../Engine/Content/Maps/Templates/Template_Default.umap" TEMPLATE=1 SHOWPROGRESS=1 FEATURELEVEL=3
[2019.06.19-18.13.01:756][  0]LightingResults: New page: Lighting Build
[2019.06.19-18.13.01:758][  0]MapCheck: New page: Map Check
[2019.06.19-18.13.01:758][  0]LightingResults: New page: Lighting Build
[2019.06.19-18.13.01:900][  0]LogAIModule: Creating AISystem for world Untitled_1
[2019.06.19-18.13.01:906][  0]LogEditorServer: Finished looking for orphan Actors (0.000 secs)
[2019.06.19-18.13.01:927][  0]Cmd: MAP CHECKDEP NOCLEARLOG
[2019.06.19-18.13.01:927][  0]MapCheck: Map check complete: 0 Error(s), 0 Warning(s), took 0.126ms to complete.
[2019.06.19-18.13.01:927][  0]LogFileHelpers: Loading map 'Template_Default' took 0.171
[2019.06.19-18.13.02:012][  0]LogSlate: Updating window title bar state: overlay mode, drag disabled, window buttons hidden, title bar hidden
[2019.06.19-18.13.02:018][  0]LogSlate: Updating window title bar state: overlay mode, drag disabled, window buttons hidden, title bar hidden
[2019.06.19-18.13.02:024][  0]LogSlate: Updating window title bar state: overlay mode, drag disabled, window buttons hidden, title bar hidden
[2019.06.19-18.13.02:031][  0]LogSlate: Updating window title bar state: overlay mode, drag disabled, window buttons hidden, title bar hidden
[2019.06.19-18.13.02:037][  0]LogCollectionManager: Loaded 0 collections in 0.001706 seconds
[2019.06.19-18.13.02:052][  0]LogFileCache: Scanning file cache for directory 'C:/Users/u1038422/Desktop/EAE3010Summer/CityBlockFinal/Saved/Collections/' took 0.01s
[2019.06.19-18.13.02:053][  0]LogFileCache: Scanning file cache for directory 'C:/Users/u1038422/Desktop/EAE3010Summer/CityBlockFinal/Content/Developers/u1038422/Collections/' took 0.00s
[2019.06.19-18.13.02:053][  0]LogFileCache: Scanning file cache for directory 'C:/Users/u1038422/Desktop/EAE3010Summer/CityBlockFinal/Content/Collections/' took 0.00s
[2019.06.19-18.13.02:053][  0]LogCollectionManager: Rebuilt the GUID cache for 0 collections in 0.000000 seconds
[2019.06.19-18.13.02:060][  0]LogContentBrowser: Native class hierarchy populated in 0.0070 seconds. Added 2651 classes and 620 folders.
[2019.06.19-18.13.02:066][  0]LogContentBrowser: Native class hierarchy updated for 'WidgetCarousel' in 0.0002 seconds. Added 0 classes and 0 folders.
[2019.06.19-18.13.02:067][  0]LogPakFile: Registered encryption key '00000000000000000000000000000000': 0 pak files mounted, 0 remain pending
[2019.06.19-18.13.02:067][  0]LogPakFile: Registered encryption key '00000000000000000000000000000000': 0 pak files mounted, 0 remain pending
[2019.06.19-18.13.02:068][  0]LogPakFile: Registered encryption key '00000000000000000000000000000000': 0 pak files mounted, 0 remain pending
[2019.06.19-18.13.02:068][  0]LogPakFile: Registered encryption key '00000000000000000000000000000000': 0 pak files mounted, 0 remain pending
[2019.06.19-18.13.02:068][  0]LogPakFile: Registered encryption key '00000000000000000000000000000000': 0 pak files mounted, 0 remain pending
[2019.06.19-18.13.02:069][  0]LogPakFile: Registered encryption key '00000000000000000000000000000000': 0 pak files mounted, 0 remain pending
[2019.06.19-18.13.02:069][  0]LogPakFile: Registered encryption key '00000000000000000000000000000000': 0 pak files mounted, 0 remain pending
[2019.06.19-18.13.02:069][  0]LogPakFile: Registered encryption key '00000000000000000000000000000000': 0 pak files mounted, 0 remain pending
[2019.06.19-18.13.02:070][  0]LogPakFile: Registered encryption key '00000000000000000000000000000000': 0 pak files mounted, 0 remain pending
[2019.06.19-18.13.02:070][  0]LogPakFile: Registered encryption key '00000000000000000000000000000000': 0 pak files mounted, 0 remain pending
[2019.06.19-18.13.02:070][  0]LogPakFile: Registered encryption key '00000000000000000000000000000000': 0 pak files mounted, 0 remain pending
[2019.06.19-18.13.02:071][  0]LogPakFile: Registered encryption key '00000000000000000000000000000000': 0 pak files mounted, 0 remain pending
[2019.06.19-18.13.02:071][  0]LogPakFile: Registered encryption key '00000000000000000000000000000000': 0 pak files mounted, 0 remain pending
[2019.06.19-18.13.02:072][  0]LogPakFile: Registered encryption key '00000000000000000000000000000000': 0 pak files mounted, 0 remain pending
[2019.06.19-18.13.02:072][  0]LogPakFile: Registered encryption key '00000000000000000000000000000000': 0 pak files mounted, 0 remain pending
[2019.06.19-18.13.02:072][  0]LogPakFile: Registered encryption key '00000000000000000000000000000000': 0 pak files mounted, 0 remain pending
[2019.06.19-18.13.02:073][  0]LogPakFile: Registered encryption key '00000000000000000000000000000000': 0 pak files mounted, 0 remain pending
[2019.06.19-18.13.02:073][  0]LogPakFile: Registered encryption key '00000000000000000000000000000000': 0 pak files mounted, 0 remain pending
[2019.06.19-18.13.02:074][  0]LogPakFile: Registered encryption key '00000000000000000000000000000000': 0 pak files mounted, 0 remain pending
[2019.06.19-18.13.02:074][  0]LogPakFile: Registered encryption key '00000000000000000000000000000000': 0 pak files mounted, 0 remain pending
[2019.06.19-18.13.02:074][  0]LogPakFile: Registered encryption key '00000000000000000000000000000000': 0 pak files mounted, 0 remain pending
[2019.06.19-18.13.02:075][  0]LogPakFile: Registered encryption key '00000000000000000000000000000000': 0 pak files mounted, 0 remain pending
[2019.06.19-18.13.02:075][  0]LogPakFile: Registered encryption key '00000000000000000000000000000000': 0 pak files mounted, 0 remain pending
[2019.06.19-18.13.02:076][  0]LogPakFile: Registered encryption key '00000000000000000000000000000000': 0 pak files mounted, 0 remain pending
[2019.06.19-18.13.02:076][  0]LogPakFile: Registered encryption key '00000000000000000000000000000000': 0 pak files mounted, 0 remain pending
[2019.06.19-18.13.02:076][  0]LogPakFile: Registered encryption key '00000000000000000000000000000000': 0 pak files mounted, 0 remain pending
[2019.06.19-18.13.02:107][  0]LogContentBrowser: Native class hierarchy updated for 'AddContentDialog' in 0.0003 seconds. Added 0 classes and 0 folders.
[2019.06.19-18.13.02:111][  0]LogContentBrowser: Native class hierarchy updated for 'SceneOutliner' in 0.0002 seconds. Added 1 classes and 2 folders.
[2019.06.19-18.13.02:122][  0]LogSlate: Took 0.000165 seconds to synchronously load lazily loaded font '../../../Engine/Content/Slate/Fonts/Roboto-Regular.ttf' (155K)
[2019.06.19-18.13.02:124][  0]LogSlate: Took 0.000205 seconds to synchronously load lazily loaded font '../../../Engine/Content/Slate/Fonts/Roboto-Bold.ttf' (160K)
[2019.06.19-18.13.02:129][  0]LogSlate: Took 0.000192 seconds to synchronously load lazily loaded font '../../../Engine/Content/Editor/Slate/Fonts/FontAwesome.ttf' (139K)
[2019.06.19-18.13.02:196][  0]LogRenderer: Reallocating scene render targets to support 1208x576 Format 10 NumSamples 1 (Frame:1).
[2019.06.19-18.13.02:337][  0]LogContentBrowser: Native class hierarchy updated for 'HierarchicalLODOutliner' in 0.0003 seconds. Added 0 classes and 0 folders.
[2019.06.19-18.13.02:337][  0]LogLoad: (Engine Initialization) Total time: 7.67 seconds
[2019.06.19-18.13.02:337][  0]LogLoad: (Engine Initialization) Total Blueprint compile time: 0.00 seconds
[2019.06.19-18.13.02:347][  0]LogWindowsTextInputMethodSystem: Display: IME system now deactivated.
[2019.06.19-18.13.02:407][  0]LogContentStreaming: Texture pool size now 1000 MB
[2019.06.19-18.13.02:443][  1]LogAssetRegistry: Asset discovery search completed in 4.3249 seconds
[2019.06.19-18.13.02:444][  1]LogCollectionManager: Rebuilt the object cache for 0 collections in 0.000000 seconds (found 0 objects)
[2019.06.19-18.13.02:444][  1]LogCollectionManager: Fixed up redirectors for 0 collections in 0.000054 seconds (updated 0 objects)
[2019.06.19-18.13.05:013][301]LogSlate: FSceneViewport::OnFocusLost() reason 0
[2019.06.19-18.13.05:901][406]LogSlate: Took 0.000176 seconds to synchronously load lazily loaded font '../../../Engine/Content/Slate/Fonts/Roboto-Light.ttf' (167K)
[2019.06.19-18.13.06:181][406]LogAIModule: Creating AISystem for world Games
[2019.06.19-18.13.06:203][406]LogAssetEditorManager: Opening Asset editor for World /Game/Games.Games
[2019.06.19-18.13.06:228][406]Cmd: MAP LOAD FILE="../../../../../../Users/u1038422/Desktop/EAE3010Summer/CityBlockFinal/Content/Games.umap" TEMPLATE=0 SHOWPROGRESS=1 FEATURELEVEL=3
[2019.06.19-18.13.06:228][406]LightingResults: New page: Lighting Build
[2019.06.19-18.13.06:229][406]LoadErrors: New page: Loading map: Games.umap
[2019.06.19-18.13.06:229][406]MapCheck: New page: Map Check
[2019.06.19-18.13.06:229][406]LightingResults: New page: Lighting Build
[2019.06.19-18.13.06:270][406]LogEditorServer: Finished looking for orphan Actors (0.000 secs)
[2019.06.19-18.13.06:313][406]Cmd: MAP CHECKDEP NOCLEARLOG
[2019.06.19-18.13.06:313][406]MapCheck: Map check complete: 0 Error(s), 0 Warning(s), took 0.193ms to complete.
[2019.06.19-18.13.06:313][406]LogFileHelpers: Loading map 'Games' took 0.086
[2019.06.19-18.13.15:262][435]LogSlate: FSceneViewport::OnFocusLost() reason 0
[2019.06.19-18.13.16:809][532]LogAssetEditorManager: Opening Asset editor for MaterialInstanceConstant /Game/WB_Materials/IM_Church.IM_Church
[2019.06.19-18.13.48:900][202]LogSlate: Window 'Color Picker' being destroyed
[2019.06.19-18.13.52:266][451]Cmd: OBJ SAVEPACKAGE PACKAGE="/Game/WB_Materials/IM_Church" FILE="../../../../../../Users/u1038422/Desktop/EAE3010Summer/CityBlockFinal/Content/WB_Materials/IM_Church.uasset" SILENT=true
[2019.06.19-18.13.52:294][451]LogMaterial: Display: Missing cached shader map for material FDebugViewModeMaterialProxy IM_Church, compiling. 
[2019.06.19-18.13.52:595][451]LogShaderCompilers: Display: Shaders left to compile 1
[2019.06.19-18.13.52:596][451]TextureStreamingBuild: Display: Compiling optional shaders took 0.308 seconds.
[2019.06.19-18.13.52:667][451]LogSavePackage: Moving '../../../../../../Users/u1038422/Desktop/EAE3010Summer/CityBlockFinal/Saved/IM_Church09DF82684BA423573731249417A54DC6.tmp' to '../../../../../../Users/u1038422/Desktop/EAE3010Summer/CityBlockFinal/Content/WB_Materials/IM_Church.uasset'
[2019.06.19-18.13.54:180][587]LogSlate: Window 'IM_Church' being destroyed
[2019.06.19-18.13.54:185][587]LogSlate: Window 'IM_Church' being destroyed
[2019.06.19-18.13.56:024][799]LogEditorViewport: Clicking on Actor (LMB): StaticMeshActor (WB_Church_WBlock32)
[2019.06.19-18.13.56:378][832]Cmd: CAMERA ALIGN ACTIVEVIEWPORTONLY
[2019.06.19-18.14.05:005][577]LogSlate: FSceneViewport::OnFocusLost() reason 0
[2019.06.19-18.14.07:734][725]LogSlate: Window 'Delete Assets' being destroyed
[2019.06.19-18.14.22:608][806]LogSlate: FSceneViewport::OnFocusLost() reason 0
[2019.06.19-18.14.24:608][  9]LogSlate: FSceneViewport::OnFocusLost() reason 0
[2019.06.19-18.14.24:771][ 21]LogAssetEditorManager: Opening Asset editor for MaterialInstanceConstant /Game/WB_Materials/IM_Church3rd.IM_Church3rd
[2019.06.19-18.14.30:703][485]Cmd: OBJ SAVEPACKAGE PACKAGE="/Game/WB_Materials/IM_Church3rd" FILE="../../../../../../Users/u1038422/Desktop/EAE3010Summer/CityBlockFinal/Content/WB_Materials/IM_Church3rd.uasset" SILENT=true
[2019.06.19-18.14.30:728][485]LogMaterial: Display: Missing cached shader map for material FDebugViewModeMaterialProxy IM_Church3rd, compiling. 
[2019.06.19-18.14.31:051][485]LogShaderCompilers: Display: Shaders left to compile 1
[2019.06.19-18.14.31:052][485]TextureStreamingBuild: Display: Compiling optional shaders took 0.328 seconds.
[2019.06.19-18.14.31:097][485]LogSavePackage: Moving '../../../../../../Users/u1038422/Desktop/EAE3010Summer/CityBlockFinal/Saved/IM_Church3rdE1BC464B487043FDD96B378191A005CC.tmp' to '../../../../../../Users/u1038422/Desktop/EAE3010Summer/CityBlockFinal/Content/WB_Materials/IM_Church3rd.uasset'
[2019.06.19-18.14.31:613][529]LogSlate: Window 'IM_Church3rd' being destroyed
[2019.06.19-18.14.31:619][529]LogSlate: Window 'IM_Church3rd' being destroyed
[2019.06.19-18.14.32:773][655]LogEditorViewport: Clicking on Actor (LMB): StaticMeshActor (WB_Church_WBlock33)
[2019.06.19-18.14.37:527][982]LogSlate: FSceneViewport::OnFocusLost() reason 0
[2019.06.19-18.14.40:046][197]LogEditorViewport: Clicking on Actor (LMB): StaticMeshActor (WB_Church_WBlock33)
[2019.06.19-18.14.42:183][410]LogSlate: FSceneViewport::OnFocusLost() reason 0
[2019.06.19-18.14.42:399][423]LogAssetEditorManager: Opening Asset editor for MaterialInstanceConstant /Game/WB_Materials/IM_Church2nd.IM_Church2nd
[2019.06.19-18.14.56:775][487]LogSlate: Window 'Color Picker' being destroyed
[2019.06.19-18.14.57:912][564]Cmd: OBJ SAVEPACKAGE PACKAGE="/Game/WB_Materials/IM_Church2nd" FILE="../../../../../../Users/u1038422/Desktop/EAE3010Summer/CityBlockFinal/Content/WB_Materials/IM_Church2nd.uasset" SILENT=true
[2019.06.19-18.14.57:936][564]LogMaterial: Display: Missing cached shader map for material FDebugViewModeMaterialProxy IM_Church2nd, compiling. 
[2019.06.19-18.14.58:248][564]LogShaderCompilers: Display: Shaders left to compile 1
[2019.06.19-18.14.58:249][564]TextureStreamingBuild: Display: Compiling optional shaders took 0.317 seconds.
[2019.06.19-18.14.58:327][564]LogSavePackage: Moving '../../../../../../Users/u1038422/Desktop/EAE3010Summer/CityBlockFinal/Saved/IM_Church2nd1C4A202042CDB424F0D6CC86DCBAD7C3.tmp' to '../../../../../../Users/u1038422/Desktop/EAE3010Summer/CityBlockFinal/Content/WB_Materials/IM_Church2nd.uasset'
[2019.06.19-18.14.58:987][618]LogSlate: Window 'IM_Church2nd' being destroyed
[2019.06.19-18.14.58:996][618]LogSlate: Window 'IM_Church2nd' being destroyed
[2019.06.19-18.15.00:375][771]LogEditorViewport: Clicking on Actor (LMB): StaticMeshActor (WB_fence_WBlock59)
[2019.06.19-18.15.06:932][545]LogSlate: FSceneViewport::OnFocusLost() reason 2
[2019.06.19-18.15.06:938][545]Cmd: OBJ SAVEPACKAGE PACKAGE="/Game/Games" FILE="../../../../../../Users/u1038422/Desktop/EAE3010Summer/CityBlockFinal/Content/Games.umap" SILENT=true AUTOSAVING=false KEEPDIRTY=false
[2019.06.19-18.15.07:558][545]LogSavePackage: Moving '../../../../../../Users/u1038422/Desktop/EAE3010Summer/CityBlockFinal/Saved/Games842068C84A417E4D1BC7A5A7CF078D25.tmp' to '../../../../../../Users/u1038422/Desktop/EAE3010Summer/CityBlockFinal/Content/Games.umap'
[2019.06.19-18.15.07:582][545]Cmd: OBJ SAVEPACKAGE PACKAGE="/Game/Games_BuiltData" FILE="../../../../../../Users/u1038422/Desktop/EAE3010Summer/CityBlockFinal/Content/Games_BuiltData.uasset" SILENT=true
[2019.06.19-18.15.07:607][545]LogSavePackage: Moving '../../../../../../Users/u1038422/Desktop/EAE3010Summer/CityBlockFinal/Saved/Games_BuiltDataAEB69F7B481CA2666161F38CAD5B8650.tmp' to '../../../../../../Users/u1038422/Desktop/EAE3010Summer/CityBlockFinal/Content/Games_BuiltData.uasset'
[2019.06.19-18.15.46:913][247]LogEditorViewport: Clicking on Actor (LMB): StaticMeshActor (WB_Street_WBlock21)
[2019.06.19-18.15.47:068][258]Cmd: CAMERA ALIGN ACTIVEVIEWPORTONLY
[2019.06.19-18.15.48:467][412]LogEditorViewport: Clicking on Actor (LMB): StaticMeshActor (WoodCarFinal)
[2019.06.19-18.15.48:812][445]Cmd: CAMERA ALIGN ACTIVEVIEWPORTONLY
[2019.06.19-18.16.18:892][  7]LogEditorViewport: Clicking on Actor (LMB): SkeletalMeshActor (RigMannequin)
[2019.06.19-18.16.24:141][610]Cmd: CAMERA ALIGN ACTIVEVIEWPORTONLY
[2019.06.19-18.16.36:247][ 11]Cmd: TRANSACTION UNDO
[2019.06.19-18.16.36:247][ 11]LogEditorTransaction: Undo Move Actors
[2019.06.19-18.16.39:770][325]LogEditorViewport: Clicking Background
[2019.06.19-18.16.42:645][660]LogEditorViewport: Clicking on Actor (LMB): StaticMeshActor (WoodCarFinal)
[2019.06.19-18.16.45:201][947]Cmd: CAMERA ALIGN ACTIVEVIEWPORTONLY
[2019.06.19-18.16.51:151][611]Cmd: CAMERA ALIGN ACTIVEVIEWPORTONLY
[2019.06.19-18.16.53:853][899]Cmd: CAMERA ALIGN ACTIVEVIEWPORTONLY
[2019.06.19-18.17.02:605][906]Cmd: CAMERA ALIGN ACTIVEVIEWPORTONLY
[2019.06.19-18.17.08:181][537]LogEditorViewport: Clicking Background
[2019.06.19-18.17.15:380][373]LogEditorViewport: Clicking on Actor (LMB): SkeletalMeshActor (RigMannequin2)
[2019.06.19-18.17.20:649][978]Cmd: CAMERA ALIGN ACTIVEVIEWPORTONLY
[2019.06.19-18.17.30:422][115]LogEditorViewport: Clicking on Actor (LMB): StaticMeshActor (WB_Grass_WBlock175)
[2019.06.19-18.17.32:890][393]Cmd: TRANSACTION UNDO
[2019.06.19-18.17.32:890][393]LogEditorTransaction: Undo Clicking on Actors
[2019.06.19-18.17.33:224][419]Cmd: TRANSACTION UNDO
[2019.06.19-18.17.33:224][419]LogEditorTransaction: Undo Scale Actors
[2019.06.19-18.17.33:619][452]Cmd: TRANSACTION UNDO
[2019.06.19-18.17.33:619][452]LogEditorTransaction: Undo Move Actors
[2019.06.19-18.17.37:144][774]Cmd: TRANSACTION UNDO
[2019.06.19-18.17.37:144][774]LogEditorTransaction: Undo Scale Actors
[2019.06.19-18.17.37:839][840]Cmd: CAMERA ALIGN ACTIVEVIEWPORTONLY
[2019.06.19-18.17.41:937][236]Cmd: TRANSACTION UNDO
[2019.06.19-18.17.41:937][236]LogEditorTransaction: Undo Scale Actors
[2019.06.19-18.17.45:783][592]LogEditorViewport: Clicking on Actor (LMB): StaticMeshActor (WoodCarFinal2)
[2019.06.19-18.17.58:002][ 41]LogEditorViewport: Clicking on Actor (LMB): SkeletalMeshActor (RigMannequin3)
[2019.06.19-18.18.06:366][  7]Cmd: TRANSACTION UNDO
[2019.06.19-18.18.06:366][  7]LogEditorTransaction: Undo Move Actors
[2019.06.19-18.18.12:608][642]Cmd: CAMERA ALIGN ACTIVEVIEWPORTONLY
[2019.06.19-18.18.26:973][313]LogEditorViewport: Clicking on Actor (LMB): StaticMeshActor (WoodCarFinal)
[2019.06.19-18.18.27:200][331]Cmd: DELETE
[2019.06.19-18.18.27:200][331]Cmd: ACTOR DELETE
[2019.06.19-18.18.27:220][331]LogEditorActor: Deleted Actor: StaticMeshActor
[2019.06.19-18.18.27:239][331]LogEditorActor: Deleted 1 Actors (0.039 secs)
[2019.06.19-18.18.28:024][423]LogEditorViewport: Clicking on Actor (LMB): SkeletalMeshActor (RigMannequin)
[2019.06.19-18.18.28:063][423]Cmd: DELETE
[2019.06.19-18.18.28:063][423]Cmd: ACTOR DELETE
[2019.06.19-18.18.28:093][423]LogEditorActor: Deleted Actor: SkeletalMeshActor
[2019.06.19-18.18.28:117][423]LogEditorActor: Deleted 1 Actors (0.053 secs)
[2019.06.19-18.18.29:241][555]LogEditorViewport: Clicking on Actor (LMB): SkeletalMeshActor (RigMannequin2)
[2019.06.19-18.18.29:379][560]Cmd: DELETE
[2019.06.19-18.18.29:380][560]Cmd: ACTOR DELETE
[2019.06.19-18.18.29:400][560]LogEditorActor: Deleted Actor: SkeletalMeshActor
[2019.06.19-18.18.29:421][560]LogEditorActor: Deleted 1 Actors (0.041 secs)
[2019.06.19-18.18.30:421][678]LogEditorViewport: Clicking on Actor (LMB): StaticMeshActor (WoodCarFinal2)
[2019.06.19-18.18.39:196][673]Cmd: CAMERA ALIGN ACTIVEVIEWPORTONLY
[2019.06.19-18.18.40:297][793]LogEditorViewport: Clicking on Actor (LMB): StaticMeshActor (WoodCarFinal3)
[2019.06.19-18.18.50:624][997]Cmd: CAMERA ALIGN ACTIVEVIEWPORTONLY
[2019.06.19-18.18.53:341][309]LogEditorViewport: Clicking on Actor (LMB): SkeletalMeshActor (RigMannequin5)
[2019.06.19-18.19.01:904][303]LogEditorViewport: Clicking on Actor (LMB): StaticMeshActor (WB_Grass_WBlock21)
[2019.06.19-18.19.02:643][383]LogEditorViewport: Clicking on Actor (LMB): StaticMeshActor (WB_Castle_WBlock2)
[2019.06.19-18.19.03:914][527]LogEditorViewport: Clicking on Actor (LMB): SkeletalMeshActor (RigMannequin5)
[2019.06.19-18.19.09:067][123]Cmd: CAMERA ALIGN ACTIVEVIEWPORTONLY
[2019.06.19-18.19.16:220][952]LogEditorViewport: Clicking on Actor (LMB): StaticMeshActor (WB_Grass_WBlock34)
[2019.06.19-18.19.21:822][613]LogEditorViewport: Clicking Background
[2019.06.19-18.19.29:419][513]LogEditorViewport: Clicking on Actor (LMB): SkeletalMeshActor (RigMannequin6)
[2019.06.19-18.19.31:854][787]Cmd: CAMERA ALIGN ACTIVEVIEWPORTONLY
[2019.06.19-18.19.45:469][356]LogEditorViewport: Clicking Background
[2019.06.19-18.19.48:323][693]LogEditorViewport: Clicking on Actor (LMB): StaticMeshActor (WoodCarFinal2)
[2019.06.19-18.19.48:506][706]Cmd: CAMERA ALIGN ACTIVEVIEWPORTONLY
[2019.06.19-18.19.56:499][623]LogEditorViewport: Clicking Background
[2019.06.19-18.20.02:656][305]LogEditorViewport: Clicking on Actor (LMB): StaticMeshActor (WoodCarFinal4)
[2019.06.19-18.20.10:122][180]Cmd: CAMERA ALIGN ACTIVEVIEWPORTONLY
[2019.06.19-18.20.19:987][338]LogEditorViewport: Clicking Background
[2019.06.19-18.20.24:669][879]LogSlate: FSceneViewport::OnFocusLost() reason 2
[2019.06.19-18.20.24:674][879]Cmd: OBJ SAVEPACKAGE PACKAGE="/Game/Games" FILE="../../../../../../Users/u1038422/Desktop/EAE3010Summer/CityBlockFinal/Content/Games.umap" SILENT=true AUTOSAVING=false KEEPDIRTY=false
[2019.06.19-18.20.25:296][879]LogSavePackage: Moving '../../../../../../Users/u1038422/Desktop/EAE3010Summer/CityBlockFinal/Saved/Games13270EB94754181F20930ABA3F5C4342.tmp' to '../../../../../../Users/u1038422/Desktop/EAE3010Summer/CityBlockFinal/Content/Games.umap'
[2019.06.19-18.20.25:321][879]Cmd: OBJ SAVEPACKAGE PACKAGE="/Game/Games_BuiltData" FILE="../../../../../../Users/u1038422/Desktop/EAE3010Summer/CityBlockFinal/Content/Games_BuiltData.uasset" SILENT=true
[2019.06.19-18.20.25:346][879]LogSavePackage: Moving '../../../../../../Users/u1038422/Desktop/EAE3010Summer/CityBlockFinal/Saved/Games_BuiltData24D4EF214CD8563FB14DF998D12BE2D0.tmp' to '../../../../../../Users/u1038422/Desktop/EAE3010Summer/CityBlockFinal/Content/Games_BuiltData.uasset'
[2019.06.19-18.20.39:287][540]LogEditorViewport: Clicking on Actor (LMB): SkeletalMeshActor (RigMannequin7)
[2019.06.19-18.20.39:899][605]Cmd: CAMERA ALIGN ACTIVEVIEWPORTONLY
[2019.06.19-18.20.56:251][541]LogSlate: FSceneViewport::OnFocusLost() reason 2
[2019.06.19-18.20.56:256][541]Cmd: OBJ SAVEPACKAGE PACKAGE="/Game/Games" FILE="../../../../../../Users/u1038422/Desktop/EAE3010Summer/CityBlockFinal/Content/Games.umap" SILENT=true AUTOSAVING=false KEEPDIRTY=false
[2019.06.19-18.20.56:873][541]LogSavePackage: Moving '../../../../../../Users/u1038422/Desktop/EAE3010Summer/CityBlockFinal/Saved/Games2CE66BEA4CAA1F3BD2EE38A237BA1BB8.tmp' to '../../../../../../Users/u1038422/Desktop/EAE3010Summer/CityBlockFinal/Content/Games.umap'
[2019.06.19-18.20.56:897][541]Cmd: OBJ SAVEPACKAGE PACKAGE="/Game/Games_BuiltData" FILE="../../../../../../Users/u1038422/Desktop/EAE3010Summer/CityBlockFinal/Content/Games_BuiltData.uasset" SILENT=true
[2019.06.19-18.20.56:918][541]LogSavePackage: Moving '../../../../../../Users/u1038422/Desktop/EAE3010Summer/CityBlockFinal/Saved/Games_BuiltData87A4501D492821CB1357A4880C44CC28.tmp' to '../../../../../../Users/u1038422/Desktop/EAE3010Summer/CityBlockFinal/Content/Games_BuiltData.uasset'
[2019.06.19-18.20.59:688][807]LogSlate: FSceneViewport::OnFocusLost() reason 0
[2019.06.19-18.21.04:233][311]LogEditorViewport: Clicking Background
[2019.06.19-18.21.10:136][ 12]LogEditorViewport: Clicking on Actor (LMB): StaticMeshActor (WoodCarFinal4)
[2019.06.19-18.21.12:762][314]LogEditorViewport: Clicking Background
[2019.06.19-18.21.18:979][ 41]LogEditorViewport: Clicking on Actor (LMB): StaticMeshActor (WB_Grass_WBlock34)
[2019.06.19-18.21.20:474][213]LogEditorViewport: Clicking on Actor (LMB): StaticMeshActor (WB_Grass_WBlock34)
[2019.06.19-18.21.21:523][335]LogEditorViewport: Clicking on Actor (LMB): StaticMeshActor (WB_Grass_WBlock34)
[2019.06.19-18.21.22:921][499]Cmd: CAMERA ALIGN ACTIVEVIEWPORTONLY
[2019.06.19-18.21.24:611][680]LogEditorViewport: Clicking on Actor (LMB): SkeletalMeshActor (RigMannequin6)
[2019.06.19-18.21.27:587][ 18]Cmd: CAMERA ALIGN ACTIVEVIEWPORTONLY
[2019.06.19-18.21.35:144][870]LogEditorViewport: Clicking Background
[2019.06.19-18.21.36:811][ 66]LogSlate: FSceneViewport::OnFocusLost() reason 2
[2019.06.19-18.21.36:815][ 66]Cmd: OBJ SAVEPACKAGE PACKAGE="/Game/Games" FILE="../../../../../../Users/u1038422/Desktop/EAE3010Summer/CityBlockFinal/Content/Games.umap" SILENT=true AUTOSAVING=false KEEPDIRTY=false
[2019.06.19-18.21.37:431][ 66]LogSavePackage: Moving '../../../../../../Users/u1038422/Desktop/EAE3010Summer/CityBlockFinal/Saved/GamesEEFCE1A14323DD375815D7B2D8D02459.tmp' to '../../../../../../Users/u1038422/Desktop/EAE3010Summer/CityBlockFinal/Content/Games.umap'
[2019.06.19-18.21.37:455][ 66]Cmd: OBJ SAVEPACKAGE PACKAGE="/Game/Games_BuiltData" FILE="../../../../../../Users/u1038422/Desktop/EAE3010Summer/CityBlockFinal/Content/Games_BuiltData.uasset" SILENT=true
[2019.06.19-18.21.37:476][ 66]LogSavePackage: Moving '../../../../../../Users/u1038422/Desktop/EAE3010Summer/CityBlockFinal/Saved/Games_BuiltData409946004A4AC09B77010A9082846111.tmp' to '../../../../../../Users/u1038422/Desktop/EAE3010Summer/CityBlockFinal/Content/Games_BuiltData.uasset'
[2019.06.19-18.26.14:511][423]LogSlate: FSceneViewport::OnFocusLost() reason 2
[2019.06.19-18.26.14:516][423]Cmd: OBJ SAVEPACKAGE PACKAGE="/Game/Games" FILE="../../../../../../Users/u1038422/Desktop/EAE3010Summer/CityBlockFinal/Content/Games.umap" SILENT=true AUTOSAVING=false KEEPDIRTY=false
[2019.06.19-18.26.15:153][423]LogSavePackage: Moving '../../../../../../Users/u1038422/Desktop/EAE3010Summer/CityBlockFinal/Saved/Games2EBD8B9340BC4926C233E29EF19D980A.tmp' to '../../../../../../Users/u1038422/Desktop/EAE3010Summer/CityBlockFinal/Content/Games.umap'
[2019.06.19-18.26.15:179][423]Cmd: OBJ SAVEPACKAGE PACKAGE="/Game/Games_BuiltData" FILE="../../../../../../Users/u1038422/Desktop/EAE3010Summer/CityBlockFinal/Content/Games_BuiltData.uasset" SILENT=true
[2019.06.19-18.26.15:208][423]LogSavePackage: Moving '../../../../../../Users/u1038422/Desktop/EAE3010Summer/CityBlockFinal/Saved/Games_BuiltDataEB6DB93F41074DC6D7F494BC5EE4EDEB.tmp' to '../../../../../../Users/u1038422/Desktop/EAE3010Summer/CityBlockFinal/Content/Games_BuiltData.uasset'
[2019.06.19-18.27.33:073][739]LogSlate: FSceneViewport::OnFocusLost() reason 0
[2019.06.19-18.54.43:257][900]LogSlate: FSceneViewport::OnFocusLost() reason 2
[2019.06.19-18.54.43:261][900]Cmd: OBJ SAVEPACKAGE PACKAGE="/Game/Games" FILE="../../../../../../Users/u1038422/Desktop/EAE3010Summer/CityBlockFinal/Content/Games.umap" SILENT=true AUTOSAVING=false KEEPDIRTY=false
[2019.06.19-18.54.43:904][900]LogSavePackage: Moving '../../../../../../Users/u1038422/Desktop/EAE3010Summer/CityBlockFinal/Saved/Games84DDCD0D436B602BBD0C67B7515A23F9.tmp' to '../../../../../../Users/u1038422/Desktop/EAE3010Summer/CityBlockFinal/Content/Games.umap'
[2019.06.19-18.54.43:932][900]Cmd: OBJ SAVEPACKAGE PACKAGE="/Game/Games_BuiltData" FILE="../../../../../../Users/u1038422/Desktop/EAE3010Summer/CityBlockFinal/Content/Games_BuiltData.uasset" SILENT=true
[2019.06.19-18.54.43:958][900]LogSavePackage: Moving '../../../../../../Users/u1038422/Desktop/EAE3010Summer/CityBlockFinal/Saved/Games_BuiltData6895D7BA4A02A8F2D13BEDA2CC4BB763.tmp' to '../../../../../../Users/u1038422/Desktop/EAE3010Summer/CityBlockFinal/Content/Games_BuiltData.uasset'
[2019.06.19-18.56.30:889][661]LogSlate: FSceneViewport::OnFocusLost() reason 0
[2019.06.19-18.57.16:593][120]LogSlate: FSceneViewport::OnFocusLost() reason 2
[2019.06.19-18.57.16:597][120]Cmd: OBJ SAVEPACKAGE PACKAGE="/Game/Games" FILE="../../../../../../Users/u1038422/Desktop/EAE3010Summer/CityBlockFinal/Content/Games.umap" SILENT=true AUTOSAVING=false KEEPDIRTY=false
[2019.06.19-18.57.17:217][120]LogSavePackage: Moving '../../../../../../Users/u1038422/Desktop/EAE3010Summer/CityBlockFinal/Saved/Games77FEEDC04BB44B705AB5779C9627A968.tmp' to '../../../../../../Users/u1038422/Desktop/EAE3010Summer/CityBlockFinal/Content/Games.umap'
[2019.06.19-18.57.17:241][120]Cmd: OBJ SAVEPACKAGE PACKAGE="/Game/Games_BuiltData" FILE="../../../../../../Users/u1038422/Desktop/EAE3010Summer/CityBlockFinal/Content/Games_BuiltData.uasset" SILENT=true
[2019.06.19-18.57.17:260][120]LogSavePackage: Moving '../../../../../../Users/u1038422/Desktop/EAE3010Summer/CityBlockFinal/Saved/Games_BuiltData85FE0BAE4011E8732CD496A595E4DFA7.tmp' to '../../../../../../Users/u1038422/Desktop/EAE3010Summer/CityBlockFinal/Content/Games_BuiltData.uasset'
[2019.06.19-19.37.22:655][358]Cmd: OBJ SAVEPACKAGE PACKAGE="/Game/Games" FILE="../../../../../../Users/u1038422/Desktop/EAE3010Summer/CityBlockFinal/Content/Games.umap" SILENT=true AUTOSAVING=false KEEPDIRTY=false
[2019.06.19-19.37.23:313][358]LogSavePackage: Moving '../../../../../../Users/u1038422/Desktop/EAE3010Summer/CityBlockFinal/Saved/Games4C5831B246630762400574ADE16B88D6.tmp' to '../../../../../../Users/u1038422/Desktop/EAE3010Summer/CityBlockFinal/Content/Games.umap'
[2019.06.19-19.37.23:338][358]Cmd: OBJ SAVEPACKAGE PACKAGE="/Game/Games_BuiltData" FILE="../../../../../../Users/u1038422/Desktop/EAE3010Summer/CityBlockFinal/Content/Games_BuiltData.uasset" SILENT=true
[2019.06.19-19.37.23:371][358]LogSavePackage: Moving '../../../../../../Users/u1038422/Desktop/EAE3010Summer/CityBlockFinal/Saved/Games_BuiltDataA58874FF430CE54D0F5C4A98DA09FB49.tmp' to '../../../../../../Users/u1038422/Desktop/EAE3010Summer/CityBlockFinal/Content/Games_BuiltData.uasset'
[2019.06.19-20.12.03:443][648]Cmd: OBJ SAVEPACKAGE PACKAGE="/Game/Games" FILE="../../../../../../Users/u1038422/Desktop/EAE3010Summer/CityBlockFinal/Content/Games.umap" SILENT=true AUTOSAVING=false KEEPDIRTY=false
[2019.06.19-20.12.04:080][648]LogSavePackage: Moving '../../../../../../Users/u1038422/Desktop/EAE3010Summer/CityBlockFinal/Saved/GamesCA24C3EB49757CEB391551BD32B7F829.tmp' to '../../../../../../Users/u1038422/Desktop/EAE3010Summer/CityBlockFinal/Content/Games.umap'
[2019.06.19-20.12.04:105][648]Cmd: OBJ SAVEPACKAGE PACKAGE="/Game/Games_BuiltData" FILE="../../../../../../Users/u1038422/Desktop/EAE3010Summer/CityBlockFinal/Content/Games_BuiltData.uasset" SILENT=true
[2019.06.19-20.12.04:128][648]LogSavePackage: Moving '../../../../../../Users/u1038422/Desktop/EAE3010Summer/CityBlockFinal/Saved/Games_BuiltDataACA13D984CDBFDA3DFFD1FA7B13C852B.tmp' to '../../../../../../Users/u1038422/Desktop/EAE3010Summer/CityBlockFinal/Content/Games_BuiltData.uasset'
[2019.06.19-20.15.17:520][723]LogSlate: FSceneViewport::OnFocusLost() reason 2
[2019.06.19-20.15.35:662][878]LogSlate: FSceneViewport::OnFocusLost() reason 0
[2019.06.19-20.15.49:993][324]LogSlate: FSceneViewport::OnFocusLost() reason 0
[2019.06.19-20.16.15:174][927]LogSlate: FSceneViewport::OnFocusLost() reason 0
[2019.06.19-20.16.28:668][500]LogEditorViewport: Clicking on Actor (context menu): StaticMeshActor (WB_Castle_WBlock27)
[2019.06.19-20.16.28:692][500]LogSlate: FSceneViewport::OnFocusLost() reason 2
[2019.06.19-20.16.31:500][817]LogSlate: FSceneViewport::OnFocusLost() reason 2
[2019.06.19-20.16.35:645][918]LogSlate: Window 'Create Merged Actor' being destroyed
[2019.06.19-20.16.35:661][918]LogSlate: FSceneViewport::OnFocusLost() reason 2
[2019.06.19-20.16.36:435][918]LogStaticMesh: Building static mesh SM_MERGED_RigMannequin7...
[2019.06.19-20.16.41:188][918]LogStaticMesh: Built static mesh [4.75s] /Game/SM_MERGED_RigMannequin7.SM_MERGED_RigMannequin7
[2019.06.19-20.16.41:793][918]LogSlate: FSceneViewport::OnFocusLost() reason 2
[2019.06.19-20.17.06:456][999]LogSlate: Window 'Merge Actors' being destroyed
[2019.06.19-20.17.06:461][999]LogSlate: Window 'Merge Actors' being destroyed
[2019.06.19-20.20.06:917][684]LogSlate: FSceneViewport::OnFocusLost() reason 0
[2019.06.19-20.20.13:262][142]LogSlate: Window 'Save Content' being destroyed
[2019.06.19-20.20.13:303][142]Cmd: OBJ SAVEPACKAGE PACKAGE="/Game/SM_MERGED_RigMannequin7" FILE="../../../../../../Users/u1038422/Desktop/EAE3010Summer/CityBlockFinal/Content/SM_MERGED_RigMannequin7.uasset" SILENT=true
[2019.06.19-20.20.13:396][142]LogSavePackage: Moving '../../../../../../Users/u1038422/Desktop/EAE3010Summer/CityBlockFinal/Saved/SM_MERGED_RigMannequin729C90C5E47EB1D4BA98417AB679A09F8.tmp' to '../../../../../../Users/u1038422/Desktop/EAE3010Summer/CityBlockFinal/Content/SM_MERGED_RigMannequin7.uasset'
[2019.06.19-20.20.14:894][256]LogSlate: Window 'Asset Report' being destroyed
[2019.06.19-20.21.34:068][256]LogSlate: Window 'Message' being destroyed
[2019.06.19-20.21.34:631][256]AssetTools: New page: Content migration completed successfully!
[2019.06.19-20.21.34:631][256]AssetTools: /Game/SM_MERGED_RigMannequin7
[2019.06.19-20.21.34:631][256]AssetTools: /Game/Games_BuiltData
[2019.06.19-20.21.34:631][256]AssetTools: /Game/Games
[2019.06.19-20.21.34:631][256]AssetTools: /Game/WB_Materials/IM_Castle
[2019.06.19-20.21.34:631][256]AssetTools: /Game/WB_Materials/MM_WBlock_MBD
[2019.06.19-20.21.34:631][256]AssetTools: /Game/WB_Materials/NormalMap
[2019.06.19-20.21.34:631][256]AssetTools: /Game/WB_Materials/test
[2019.06.19-20.21.34:631][256]AssetTools: /Game/WB_Materials/Wood2color
[2019.06.19-20.21.34:631][256]AssetTools: /Game/WB_Materials/IM_Castle2nd
[2019.06.19-20.21.34:631][256]AssetTools: /Game/WB_Materials/IM_Castle3rd
[2019.06.19-20.21.34:631][256]AssetTools: /Game/WB_Materials/IM_Church
[2019.06.19-20.21.34:631][256]AssetTools: /Game/WB_Materials/IM_Church2nd
[2019.06.19-20.21.34:631][256]AssetTools: /Game/WB_Materials/IM_Church3rd
[2019.06.19-20.21.34:631][256]AssetTools: /Game/WB_Materials/IM_Fence
[2019.06.19-20.21.34:631][256]AssetTools: /Game/WB_Materials/IM_Grass
[2019.06.19-20.21.34:631][256]AssetTools: /Game/WB_Materials/IM_Grave
[2019.06.19-20.21.34:631][256]AssetTools: /Game/WB_Materials/grave_writting
[2019.06.19-20.21.34:631][256]AssetTools: /Game/WB_Materials/IM_Sidewalk
[2019.06.19-20.21.34:631][256]AssetTools: /Game/WB_Materials/IM_Street
[2019.06.19-20.21.34:631][256]AssetTools: /Game/WB_Materials/IM_Tree
[2019.06.19-20.21.34:631][256]AssetTools: /Game/WB_Materials/IM_Tree2nd
[2019.06.19-20.21.34:631][256]AssetTools: /Game/WB_Materials/RigMannequin
[2019.06.19-20.21.34:631][256]AssetTools: /Game/WB_Materials/MannequinSuit
[2019.06.19-20.21.34:631][256]AssetTools: /Game/WB_Materials/ManniquinPaintFinal
[2019.06.19-20.21.34:631][256]AssetTools: /Game/WB_Materials/RigMannequin_PhysicsAsset
[2019.06.19-20.21.34:631][256]AssetTools: /Game/WB_Materials/RigMannequin_Skeleton
[2019.06.19-20.21.34:631][256]AssetTools: /Game/WBlocks/ABlock2Tree
[2019.06.19-20.21.34:631][256]AssetTools: /Game/WBlocks/pCylinder1Mat
[2019.06.19-20.21.34:631][256]AssetTools: /Game/WBlocks/ABlock4Cylinder
[2019.06.19-20.21.34:631][256]AssetTools: /Game/WBlocks/ABlock5Cone
[2019.06.19-20.21.34:632][256]AssetTools: /Game/WBlocks/pCone1Mat
[2019.06.19-20.21.34:632][256]AssetTools: /Game/WBlocks/Arch
[2019.06.19-20.21.34:632][256]AssetTools: /Game/WBlocks/lambert7SG
[2019.06.19-20.21.34:632][256]AssetTools: /Game/WBlocks/GraveBlock
[2019.06.19-20.21.34:632][256]AssetTools: /Game/WBlocks/pCube1Mat
[2019.06.19-20.21.34:632][256]AssetTools: /Game/WBlocks/Pyramid
[2019.06.19-20.21.34:632][256]AssetTools: /Game/WBlocks/lambert3SG
[2019.06.19-20.21.34:632][256]AssetTools: /Game/WBlocks/Tower
[2019.06.19-20.21.34:632][256]AssetTools: /Game/WBlocks/initialShadingGroup
[2019.06.19-20.21.34:632][256]AssetTools: /Game/WBlocks/Wall
[2019.06.19-20.21.34:632][256]AssetTools: /Game/WBlocks/lambert5SG
[2019.06.19-20.21.34:632][256]AssetTools: /Game/WBlocks/WoodCarFinal
[2019.06.19-20.21.34:632][256]AssetTools: /Game/WB_Materials/IM_Car
[2019.06.19-20.21.34:632][256]AssetTools: /Game/WB_Materials/IM_Car2nd
[2019.06.19-20.21.34:632][256]AssetTools: /Game/WBlocks/woodenBox
[2019.06.19-20.21.34:632][256]AssetTools: /Game/WBlocks/woodenFence_pCube1
[2019.06.19-20.22.02:427][547]LogUnrealEdMisc: Warning: Heartbeat event firing too frequently (27.782 sec). This should never happen. Something is wrong with the timer delegate!
